{"/home/d0dzv/desarrollosoftware/IIC3141-3-HubUC-Frontend/postcss.config.js": {"path":"/home/d0dzv/desarrollosoftware/IIC3141-3-HubUC-Frontend/postcss.config.js","all":true,"statementMap":{"0":{"start":{"line":1,"column":0},"end":{"line":1,"column":16}},"1":{"start":{"line":2,"column":0},"end":{"line":2,"column":12}},"2":{"start":{"line":3,"column":0},"end":{"line":3,"column":20}},"3":{"start":{"line":4,"column":0},"end":{"line":4,"column":21}},"4":{"start":{"line":5,"column":0},"end":{"line":5,"column":4}},"5":{"start":{"line":6,"column":0},"end":{"line":6,"column":1}}},"s":{"0":0,"1":0,"2":0,"3":0,"4":0,"5":0},"branchMap":{"0":{"type":"branch","line":1,"loc":{"start":{"line":1,"column":0},"end":{"line":6,"column":-11}},"locations":[{"start":{"line":1,"column":0},"end":{"line":6,"column":-11}}]}},"b":{"0":[0]},"fnMap":{"0":{"name":"(empty-report)","decl":{"start":{"line":1,"column":0},"end":{"line":6,"column":-11}},"loc":{"start":{"line":1,"column":0},"end":{"line":6,"column":-11}},"line":1}},"f":{"0":0}}
,"/home/d0dzv/desarrollosoftware/IIC3141-3-HubUC-Frontend/tailwind.config.js": {"path":"/home/d0dzv/desarrollosoftware/IIC3141-3-HubUC-Frontend/tailwind.config.js","all":true,"statementMap":{"0":{"start":{"line":1,"column":0},"end":{"line":1,"column":43}},"1":{"start":{"line":2,"column":0},"end":{"line":2,"column":16}},"2":{"start":{"line":3,"column":0},"end":{"line":3,"column":12}},"3":{"start":{"line":4,"column":0},"end":{"line":4,"column":19}},"4":{"start":{"line":5,"column":0},"end":{"line":5,"column":33}},"5":{"start":{"line":6,"column":0},"end":{"line":6,"column":4}},"6":{"start":{"line":7,"column":0},"end":{"line":7,"column":10}},"7":{"start":{"line":8,"column":0},"end":{"line":8,"column":15}},"8":{"start":{"line":9,"column":0},"end":{"line":9,"column":4}},"9":{"start":{"line":10,"column":0},"end":{"line":10,"column":14}},"10":{"start":{"line":11,"column":0},"end":{"line":11,"column":1}}},"s":{"0":0,"1":0,"2":0,"3":0,"4":0,"5":0,"6":0,"7":0,"8":0,"9":0,"10":0},"branchMap":{"0":{"type":"branch","line":1,"loc":{"start":{"line":1,"column":0},"end":{"line":11,"column":-13}},"locations":[{"start":{"line":1,"column":0},"end":{"line":11,"column":-13}}]}},"b":{"0":[0]},"fnMap":{"0":{"name":"(empty-report)","decl":{"start":{"line":1,"column":0},"end":{"line":11,"column":-13}},"loc":{"start":{"line":1,"column":0},"end":{"line":11,"column":-13}},"line":1}},"f":{"0":0}}
,"/home/d0dzv/desarrollosoftware/IIC3141-3-HubUC-Frontend/src/App.jsx": {"path":"/home/d0dzv/desarrollosoftware/IIC3141-3-HubUC-Frontend/src/App.jsx","all":true,"statementMap":{"0":{"start":{"line":1,"column":0},"end":{"line":1,"column":26}},"3":{"start":{"line":4,"column":0},"end":{"line":4,"column":31}},"4":{"start":{"line":5,"column":0},"end":{"line":5,"column":10}},"5":{"start":{"line":6,"column":0},"end":{"line":6,"column":10}},"6":{"start":{"line":7,"column":0},"end":{"line":7,"column":12}},"7":{"start":{"line":8,"column":0},"end":{"line":8,"column":18}},"8":{"start":{"line":9,"column":0},"end":{"line":9,"column":13}},"9":{"start":{"line":10,"column":0},"end":{"line":10,"column":10}},"11":{"start":{"line":12,"column":0},"end":{"line":12,"column":1}}},"s":{"0":0,"3":0,"4":0,"5":0,"6":0,"7":0,"8":0,"9":0,"11":0},"branchMap":{"0":{"type":"branch","line":1,"loc":{"start":{"line":1,"column":188},"end":{"line":12,"column":1}},"locations":[{"start":{"line":1,"column":188},"end":{"line":12,"column":1}}]}},"b":{"0":[0]},"fnMap":{"0":{"name":"(empty-report)","decl":{"start":{"line":1,"column":188},"end":{"line":12,"column":1}},"loc":{"start":{"line":1,"column":188},"end":{"line":12,"column":1}},"line":1}},"f":{"0":0}}
,"/home/d0dzv/desarrollosoftware/IIC3141-3-HubUC-Frontend/src/main.jsx": {"path":"/home/d0dzv/desarrollosoftware/IIC3141-3-HubUC-Frontend/src/main.jsx","all":true,"statementMap":{"0":{"start":{"line":1,"column":0},"end":{"line":1,"column":26}},"1":{"start":{"line":2,"column":0},"end":{"line":2,"column":40}},"2":{"start":{"line":3,"column":0},"end":{"line":3,"column":50}},"3":{"start":{"line":4,"column":0},"end":{"line":4,"column":34}},"4":{"start":{"line":5,"column":0},"end":{"line":5,"column":21}},"6":{"start":{"line":7,"column":0},"end":{"line":7,"column":52}},"8":{"start":{"line":9,"column":0},"end":{"line":9,"column":18}},"9":{"start":{"line":10,"column":0},"end":{"line":10,"column":42}},"10":{"start":{"line":11,"column":0},"end":{"line":11,"column":22}},"11":{"start":{"line":12,"column":0},"end":{"line":12,"column":40}},"12":{"start":{"line":13,"column":0},"end":{"line":13,"column":23}},"13":{"start":{"line":14,"column":0},"end":{"line":14,"column":4}},"14":{"start":{"line":15,"column":0},"end":{"line":15,"column":8}},"15":{"start":{"line":16,"column":0},"end":{"line":16,"column":60}},"16":{"start":{"line":17,"column":0},"end":{"line":17,"column":1}}},"s":{"0":0,"1":0,"2":0,"3":0,"4":0,"6":0,"8":0,"9":0,"10":0,"11":0,"12":0,"13":0,"14":0,"15":0,"16":0},"branchMap":{"0":{"type":"branch","line":1,"loc":{"start":{"line":1,"column":457},"end":{"line":17,"column":1}},"locations":[{"start":{"line":1,"column":457},"end":{"line":17,"column":1}}]}},"b":{"0":[0]},"fnMap":{"0":{"name":"(empty-report)","decl":{"start":{"line":1,"column":457},"end":{"line":17,"column":1}},"loc":{"start":{"line":1,"column":457},"end":{"line":17,"column":1}},"line":1}},"f":{"0":0}}
,"/home/d0dzv/desarrollosoftware/IIC3141-3-HubUC-Frontend/src/router.jsx": {"path":"/home/d0dzv/desarrollosoftware/IIC3141-3-HubUC-Frontend/src/router.jsx","all":true,"statementMap":{"0":{"start":{"line":1,"column":0},"end":{"line":1,"column":26}},"16":{"start":{"line":17,"column":0},"end":{"line":17,"column":43}},"17":{"start":{"line":18,"column":0},"end":{"line":18,"column":3}},"18":{"start":{"line":19,"column":0},"end":{"line":19,"column":14}},"19":{"start":{"line":20,"column":0},"end":{"line":20,"column":21}},"20":{"start":{"line":21,"column":0},"end":{"line":21,"column":15}},"21":{"start":{"line":22,"column":0},"end":{"line":22,"column":41}},"22":{"start":{"line":23,"column":0},"end":{"line":23,"column":60}},"23":{"start":{"line":24,"column":0},"end":{"line":24,"column":58}},"24":{"start":{"line":25,"column":0},"end":{"line":25,"column":50}},"25":{"start":{"line":26,"column":0},"end":{"line":26,"column":46}},"26":{"start":{"line":27,"column":0},"end":{"line":27,"column":46}},"27":{"start":{"line":28,"column":0},"end":{"line":28,"column":63}},"28":{"start":{"line":29,"column":0},"end":{"line":29,"column":56}},"29":{"start":{"line":30,"column":0},"end":{"line":30,"column":50}},"30":{"start":{"line":31,"column":0},"end":{"line":31,"column":60}},"31":{"start":{"line":32,"column":0},"end":{"line":32,"column":53}},"33":{"start":{"line":34,"column":0},"end":{"line":34,"column":6}},"34":{"start":{"line":35,"column":0},"end":{"line":35,"column":4}},"35":{"start":{"line":36,"column":0},"end":{"line":36,"column":3}}},"s":{"0":0,"16":0,"17":0,"18":0,"19":0,"20":0,"21":0,"22":0,"23":0,"24":0,"25":0,"26":0,"27":0,"28":0,"29":0,"30":0,"31":0,"33":0,"34":0,"35":0},"branchMap":{"0":{"type":"branch","line":1,"loc":{"start":{"line":1,"column":1376},"end":{"line":36,"column":3}},"locations":[{"start":{"line":1,"column":1376},"end":{"line":36,"column":3}}]}},"b":{"0":[0]},"fnMap":{"0":{"name":"(empty-report)","decl":{"start":{"line":1,"column":1376},"end":{"line":36,"column":3}},"loc":{"start":{"line":1,"column":1376},"end":{"line":36,"column":3}},"line":1}},"f":{"0":0}}
,"/home/d0dzv/desarrollosoftware/IIC3141-3-HubUC-Frontend/src/components/common/Horario.jsx": {"path":"/home/d0dzv/desarrollosoftware/IIC3141-3-HubUC-Frontend/src/components/common/Horario.jsx","all":false,"statementMap":{"0":{"start":{"line":1,"column":0},"end":{"line":1,"column":40}},"2":{"start":{"line":3,"column":0},"end":{"line":3,"column":35}},"3":{"start":{"line":4,"column":0},"end":{"line":4,"column":58}},"4":{"start":{"line":5,"column":0},"end":{"line":5,"column":51}},"6":{"start":{"line":7,"column":0},"end":{"line":7,"column":33}},"7":{"start":{"line":8,"column":0},"end":{"line":8,"column":24}},"8":{"start":{"line":9,"column":0},"end":{"line":9,"column":26}},"9":{"start":{"line":10,"column":0},"end":{"line":10,"column":4}},"11":{"start":{"line":12,"column":0},"end":{"line":12,"column":29}},"12":{"start":{"line":13,"column":0},"end":{"line":13,"column":27}},"13":{"start":{"line":14,"column":0},"end":{"line":14,"column":23}},"14":{"start":{"line":15,"column":0},"end":{"line":15,"column":4}},"16":{"start":{"line":17,"column":0},"end":{"line":17,"column":16}},"17":{"start":{"line":18,"column":0},"end":{"line":18,"column":12}},"18":{"start":{"line":19,"column":0},"end":{"line":19,"column":13}},"19":{"start":{"line":20,"column":0},"end":{"line":20,"column":16}},"20":{"start":{"line":21,"column":0},"end":{"line":21,"column":13}},"21":{"start":{"line":22,"column":0},"end":{"line":22,"column":14}},"22":{"start":{"line":23,"column":0},"end":{"line":23,"column":13}},"23":{"start":{"line":24,"column":0},"end":{"line":24,"column":14}},"24":{"start":{"line":25,"column":0},"end":{"line":25,"column":4}},"25":{"start":{"line":26,"column":0},"end":{"line":26,"column":19}},"26":{"start":{"line":27,"column":0},"end":{"line":27,"column":12}},"27":{"start":{"line":28,"column":0},"end":{"line":28,"column":12}},"28":{"start":{"line":29,"column":0},"end":{"line":29,"column":12}},"29":{"start":{"line":30,"column":0},"end":{"line":30,"column":12}},"30":{"start":{"line":31,"column":0},"end":{"line":31,"column":12}},"31":{"start":{"line":32,"column":0},"end":{"line":32,"column":12}},"32":{"start":{"line":33,"column":0},"end":{"line":33,"column":12}},"33":{"start":{"line":34,"column":0},"end":{"line":34,"column":12}},"34":{"start":{"line":35,"column":0},"end":{"line":35,"column":12}},"35":{"start":{"line":36,"column":0},"end":{"line":36,"column":12}},"36":{"start":{"line":37,"column":0},"end":{"line":37,"column":4}},"39":{"start":{"line":40,"column":0},"end":{"line":40,"column":29}},"40":{"start":{"line":41,"column":0},"end":{"line":41,"column":5}},"41":{"start":{"line":42,"column":0},"end":{"line":42,"column":12}},"42":{"start":{"line":43,"column":0},"end":{"line":43,"column":19}},"43":{"start":{"line":44,"column":0},"end":{"line":44,"column":26}},"44":{"start":{"line":45,"column":0},"end":{"line":45,"column":25}},"45":{"start":{"line":46,"column":0},"end":{"line":46,"column":28}},"46":{"start":{"line":47,"column":0},"end":{"line":47,"column":38}},"47":{"start":{"line":48,"column":0},"end":{"line":48,"column":6}},"48":{"start":{"line":49,"column":0},"end":{"line":49,"column":5}},"49":{"start":{"line":50,"column":0},"end":{"line":50,"column":12}},"50":{"start":{"line":51,"column":0},"end":{"line":51,"column":20}},"51":{"start":{"line":52,"column":0},"end":{"line":52,"column":26}},"52":{"start":{"line":53,"column":0},"end":{"line":53,"column":25}},"53":{"start":{"line":54,"column":0},"end":{"line":54,"column":26}},"54":{"start":{"line":55,"column":0},"end":{"line":55,"column":38}},"55":{"start":{"line":56,"column":0},"end":{"line":56,"column":6}},"56":{"start":{"line":57,"column":0},"end":{"line":57,"column":5}},"57":{"start":{"line":58,"column":0},"end":{"line":58,"column":12}},"58":{"start":{"line":59,"column":0},"end":{"line":59,"column":20}},"59":{"start":{"line":60,"column":0},"end":{"line":60,"column":26}},"60":{"start":{"line":61,"column":0},"end":{"line":61,"column":25}},"61":{"start":{"line":62,"column":0},"end":{"line":62,"column":27}},"62":{"start":{"line":63,"column":0},"end":{"line":63,"column":38}},"63":{"start":{"line":64,"column":0},"end":{"line":64,"column":6}},"64":{"start":{"line":65,"column":0},"end":{"line":65,"column":5}},"65":{"start":{"line":66,"column":0},"end":{"line":66,"column":12}},"66":{"start":{"line":67,"column":0},"end":{"line":67,"column":19}},"67":{"start":{"line":68,"column":0},"end":{"line":68,"column":26}},"68":{"start":{"line":69,"column":0},"end":{"line":69,"column":25}},"69":{"start":{"line":70,"column":0},"end":{"line":70,"column":31}},"70":{"start":{"line":71,"column":0},"end":{"line":71,"column":38}},"71":{"start":{"line":72,"column":0},"end":{"line":72,"column":6}},"72":{"start":{"line":73,"column":0},"end":{"line":73,"column":5}},"75":{"start":{"line":76,"column":0},"end":{"line":76,"column":29}},"77":{"start":{"line":78,"column":0},"end":{"line":78,"column":10}},"78":{"start":{"line":79,"column":0},"end":{"line":79,"column":9}},"79":{"start":{"line":80,"column":0},"end":{"line":80,"column":68}},"80":{"start":{"line":81,"column":0},"end":{"line":81,"column":15}},"81":{"start":{"line":82,"column":0},"end":{"line":82,"column":14}},"82":{"start":{"line":83,"column":0},"end":{"line":83,"column":72}},"83":{"start":{"line":84,"column":0},"end":{"line":84,"column":32}},"84":{"start":{"line":85,"column":0},"end":{"line":85,"column":75}},"85":{"start":{"line":86,"column":0},"end":{"line":86,"column":21}},"86":{"start":{"line":87,"column":0},"end":{"line":87,"column":19}},"87":{"start":{"line":88,"column":0},"end":{"line":88,"column":15}},"88":{"start":{"line":89,"column":0},"end":{"line":89,"column":15}},"89":{"start":{"line":90,"column":0},"end":{"line":90,"column":16}},"90":{"start":{"line":91,"column":0},"end":{"line":91,"column":15}},"91":{"start":{"line":92,"column":0},"end":{"line":92,"column":44}},"92":{"start":{"line":93,"column":0},"end":{"line":93,"column":27}},"93":{"start":{"line":94,"column":0},"end":{"line":94,"column":91}},"94":{"start":{"line":95,"column":0},"end":{"line":95,"column":22}},"95":{"start":{"line":96,"column":0},"end":{"line":96,"column":19}},"96":{"start":{"line":97,"column":0},"end":{"line":97,"column":34}},"97":{"start":{"line":98,"column":0},"end":{"line":98,"column":45}},"99":{"start":{"line":100,"column":0},"end":{"line":100,"column":54}},"101":{"start":{"line":102,"column":0},"end":{"line":102,"column":42}},"102":{"start":{"line":103,"column":0},"end":{"line":103,"column":63}},"103":{"start":{"line":104,"column":0},"end":{"line":104,"column":18}},"105":{"start":{"line":106,"column":0},"end":{"line":106,"column":28}},"106":{"start":{"line":107,"column":0},"end":{"line":107,"column":67}},"107":{"start":{"line":108,"column":0},"end":{"line":108,"column":66}},"108":{"start":{"line":109,"column":0},"end":{"line":109,"column":42}},"109":{"start":{"line":110,"column":0},"end":{"line":110,"column":74}},"110":{"start":{"line":111,"column":0},"end":{"line":111,"column":21}},"111":{"start":{"line":112,"column":0},"end":{"line":112,"column":19}},"113":{"start":{"line":114,"column":0},"end":{"line":114,"column":26}},"114":{"start":{"line":115,"column":0},"end":{"line":115,"column":23}},"115":{"start":{"line":116,"column":0},"end":{"line":116,"column":31}},"116":{"start":{"line":117,"column":0},"end":{"line":117,"column":53}},"117":{"start":{"line":118,"column":0},"end":{"line":118,"column":124}},"118":{"start":{"line":119,"column":0},"end":{"line":119,"column":55}},"120":{"start":{"line":121,"column":0},"end":{"line":121,"column":36}},"121":{"start":{"line":122,"column":0},"end":{"line":122,"column":25}},"123":{"start":{"line":124,"column":0},"end":{"line":124,"column":17}},"125":{"start":{"line":126,"column":0},"end":{"line":126,"column":24}},"126":{"start":{"line":127,"column":0},"end":{"line":127,"column":21}},"127":{"start":{"line":128,"column":0},"end":{"line":128,"column":29}},"128":{"start":{"line":129,"column":0},"end":{"line":129,"column":95}},"129":{"start":{"line":130,"column":0},"end":{"line":130,"column":19}},"131":{"start":{"line":132,"column":0},"end":{"line":132,"column":23}},"133":{"start":{"line":134,"column":0},"end":{"line":134,"column":17}},"134":{"start":{"line":135,"column":0},"end":{"line":135,"column":17}},"135":{"start":{"line":136,"column":0},"end":{"line":136,"column":13}},"136":{"start":{"line":137,"column":0},"end":{"line":137,"column":16}},"137":{"start":{"line":138,"column":0},"end":{"line":138,"column":14}},"139":{"start":{"line":140,"column":0},"end":{"line":140,"column":24}},"140":{"start":{"line":141,"column":0},"end":{"line":141,"column":100}},"141":{"start":{"line":142,"column":0},"end":{"line":142,"column":84}},"142":{"start":{"line":143,"column":0},"end":{"line":143,"column":75}},"143":{"start":{"line":144,"column":0},"end":{"line":144,"column":48}},"144":{"start":{"line":145,"column":0},"end":{"line":145,"column":40}},"145":{"start":{"line":146,"column":0},"end":{"line":146,"column":67}},"146":{"start":{"line":147,"column":0},"end":{"line":147,"column":54}},"148":{"start":{"line":149,"column":0},"end":{"line":149,"column":19}},"149":{"start":{"line":150,"column":0},"end":{"line":150,"column":35}},"150":{"start":{"line":151,"column":0},"end":{"line":151,"column":82}},"151":{"start":{"line":152,"column":0},"end":{"line":152,"column":13}},"153":{"start":{"line":154,"column":0},"end":{"line":154,"column":21}},"154":{"start":{"line":155,"column":0},"end":{"line":155,"column":16}},"155":{"start":{"line":156,"column":0},"end":{"line":156,"column":14}},"157":{"start":{"line":158,"column":0},"end":{"line":158,"column":10}},"159":{"start":{"line":160,"column":0},"end":{"line":160,"column":1}}},"s":{"0":1,"2":13,"3":13,"4":13,"6":13,"7":2,"8":2,"9":2,"11":13,"12":1,"13":1,"14":1,"16":13,"17":13,"18":13,"19":13,"20":13,"21":13,"22":13,"23":13,"24":13,"25":13,"26":13,"27":13,"28":13,"29":13,"30":13,"31":13,"32":13,"33":13,"34":13,"35":13,"36":13,"39":13,"40":13,"41":13,"42":13,"43":13,"44":13,"45":13,"46":13,"47":13,"48":13,"49":13,"50":13,"51":13,"52":13,"53":13,"54":13,"55":13,"56":13,"57":13,"58":13,"59":13,"60":13,"61":13,"62":13,"63":13,"64":13,"65":13,"66":13,"67":13,"68":13,"69":13,"70":13,"71":13,"72":13,"75":13,"77":13,"78":13,"79":13,"80":13,"81":13,"82":13,"83":13,"84":91,"85":91,"86":91,"87":13,"88":13,"89":13,"90":13,"91":13,"92":130,"93":130,"94":130,"95":130,"96":130,"97":910,"99":910,"101":897,"102":897,"103":897,"105":910,"106":52,"107":13,"108":13,"109":13,"110":13,"111":13,"113":52,"114":52,"115":52,"116":52,"117":52,"118":52,"120":52,"121":52,"123":52,"125":845,"126":845,"127":845,"128":845,"129":845,"131":845,"133":130,"134":130,"135":13,"136":13,"137":13,"139":13,"140":2,"141":2,"142":2,"143":2,"144":2,"145":2,"146":2,"148":2,"149":2,"150":2,"151":2,"153":2,"154":2,"155":2,"157":13,"159":13},"branchMap":{"0":{"type":"branch","line":3,"loc":{"start":{"line":3,"column":0},"end":{"line":160,"column":1}},"locations":[{"start":{"line":3,"column":0},"end":{"line":160,"column":1}}]},"1":{"type":"branch","line":140,"loc":{"start":{"line":140,"column":7},"end":{"line":156,"column":14}},"locations":[{"start":{"line":140,"column":7},"end":{"line":156,"column":14}}]},"2":{"type":"branch","line":7,"loc":{"start":{"line":7,"column":21},"end":{"line":10,"column":4}},"locations":[{"start":{"line":7,"column":21},"end":{"line":10,"column":4}}]},"3":{"type":"branch","line":12,"loc":{"start":{"line":12,"column":22},"end":{"line":15,"column":4}},"locations":[{"start":{"line":12,"column":22},"end":{"line":15,"column":4}}]},"4":{"type":"branch","line":84,"loc":{"start":{"line":84,"column":22},"end":{"line":87,"column":19}},"locations":[{"start":{"line":84,"column":22},"end":{"line":87,"column":19}}]},"5":{"type":"branch","line":92,"loc":{"start":{"line":92,"column":23},"end":{"line":135,"column":17}},"locations":[{"start":{"line":92,"column":23},"end":{"line":135,"column":17}}]},"6":{"type":"branch","line":97,"loc":{"start":{"line":97,"column":24},"end":{"line":134,"column":15}},"locations":[{"start":{"line":97,"column":24},"end":{"line":134,"column":15}}]},"7":{"type":"branch","line":100,"loc":{"start":{"line":100,"column":42},"end":{"line":100,"column":54}},"locations":[{"start":{"line":100,"column":42},"end":{"line":100,"column":54}}]},"8":{"type":"branch","line":100,"loc":{"start":{"line":100,"column":49},"end":{"line":106,"column":27}},"locations":[{"start":{"line":100,"column":49},"end":{"line":106,"column":27}}]},"9":{"type":"branch","line":106,"loc":{"start":{"line":106,"column":27},"end":{"line":124,"column":17}},"locations":[{"start":{"line":106,"column":27},"end":{"line":124,"column":17}}]},"10":{"type":"branch","line":107,"loc":{"start":{"line":107,"column":66},"end":{"line":112,"column":19}},"locations":[{"start":{"line":107,"column":66},"end":{"line":112,"column":19}}]},"11":{"type":"branch","line":124,"loc":{"start":{"line":124,"column":16},"end":{"line":132,"column":23}},"locations":[{"start":{"line":124,"column":16},"end":{"line":132,"column":23}}]},"12":{"type":"branch","line":103,"loc":{"start":{"line":103,"column":18},"end":{"line":103,"column":63}},"locations":[{"start":{"line":103,"column":18},"end":{"line":103,"column":63}}]},"13":{"type":"branch","line":103,"loc":{"start":{"line":103,"column":35},"end":{"line":103,"column":63}},"locations":[{"start":{"line":103,"column":35},"end":{"line":103,"column":63}}]},"14":{"type":"branch","line":119,"loc":{"start":{"line":119,"column":31},"end":{"line":119,"column":55}},"locations":[{"start":{"line":119,"column":31},"end":{"line":119,"column":55}}]}},"b":{"0":[13],"1":[2],"2":[2],"3":[1],"4":[91],"5":[130],"6":[910],"7":[13],"8":[897],"9":[52],"10":[13],"11":[845],"12":[3510],"13":[481],"14":[2]},"fnMap":{"0":{"name":"Horario","decl":{"start":{"line":3,"column":0},"end":{"line":160,"column":1}},"loc":{"start":{"line":3,"column":0},"end":{"line":160,"column":1}},"line":3},"1":{"name":"abrirModal","decl":{"start":{"line":7,"column":21},"end":{"line":10,"column":4}},"loc":{"start":{"line":7,"column":21},"end":{"line":10,"column":4}},"line":7},"2":{"name":"cerrarModal","decl":{"start":{"line":12,"column":22},"end":{"line":15,"column":4}},"loc":{"start":{"line":12,"column":22},"end":{"line":15,"column":4}},"line":12},"3":{"name":"onClick","decl":{"start":{"line":119,"column":31},"end":{"line":119,"column":55}},"loc":{"start":{"line":119,"column":31},"end":{"line":119,"column":55}},"line":119}},"f":{"0":13,"1":2,"2":1,"3":2}}
,"/home/d0dzv/desarrollosoftware/IIC3141-3-HubUC-Frontend/src/components/common/Register.jsx": {"path":"/home/d0dzv/desarrollosoftware/IIC3141-3-HubUC-Frontend/src/components/common/Register.jsx","all":false,"statementMap":{"0":{"start":{"line":1,"column":0},"end":{"line":1,"column":40}},"4":{"start":{"line":5,"column":0},"end":{"line":5,"column":36}},"5":{"start":{"line":6,"column":0},"end":{"line":6,"column":33}},"7":{"start":{"line":8,"column":0},"end":{"line":8,"column":36}},"8":{"start":{"line":9,"column":0},"end":{"line":9,"column":14}},"9":{"start":{"line":10,"column":0},"end":{"line":10,"column":17}},"10":{"start":{"line":11,"column":0},"end":{"line":11,"column":13}},"11":{"start":{"line":12,"column":0},"end":{"line":12,"column":20}},"12":{"start":{"line":13,"column":0},"end":{"line":13,"column":5}},"14":{"start":{"line":15,"column":0},"end":{"line":15,"column":47}},"16":{"start":{"line":17,"column":0},"end":{"line":17,"column":31}},"17":{"start":{"line":18,"column":0},"end":{"line":18,"column":58}},"18":{"start":{"line":19,"column":0},"end":{"line":19,"column":4}},"20":{"start":{"line":21,"column":0},"end":{"line":21,"column":37}},"21":{"start":{"line":22,"column":0},"end":{"line":22,"column":23}},"22":{"start":{"line":23,"column":0},"end":{"line":23,"column":21}},"24":{"start":{"line":25,"column":0},"end":{"line":25,"column":9}},"25":{"start":{"line":26,"column":0},"end":{"line":26,"column":40}},"26":{"start":{"line":27,"column":0},"end":{"line":27,"column":39}},"27":{"start":{"line":28,"column":0},"end":{"line":28,"column":24}},"28":{"start":{"line":29,"column":0},"end":{"line":29,"column":28}},"29":{"start":{"line":30,"column":0},"end":{"line":30,"column":15}},"30":{"start":{"line":31,"column":0},"end":{"line":31,"column":19}},"31":{"start":{"line":32,"column":0},"end":{"line":32,"column":72}},"32":{"start":{"line":33,"column":0},"end":{"line":33,"column":86}},"33":{"start":{"line":34,"column":0},"end":{"line":34,"column":5}},"34":{"start":{"line":35,"column":0},"end":{"line":35,"column":4}},"36":{"start":{"line":37,"column":0},"end":{"line":37,"column":10}},"37":{"start":{"line":38,"column":0},"end":{"line":38,"column":42}},"38":{"start":{"line":39,"column":0},"end":{"line":39,"column":59}},"40":{"start":{"line":41,"column":0},"end":{"line":41,"column":19}},"41":{"start":{"line":42,"column":0},"end":{"line":42,"column":101}},"42":{"start":{"line":43,"column":0},"end":{"line":43,"column":19}},"43":{"start":{"line":44,"column":0},"end":{"line":44,"column":12}},"46":{"start":{"line":47,"column":0},"end":{"line":47,"column":68}},"47":{"start":{"line":48,"column":0},"end":{"line":48,"column":14}},"48":{"start":{"line":49,"column":0},"end":{"line":49,"column":21}},"49":{"start":{"line":50,"column":0},"end":{"line":50,"column":21}},"50":{"start":{"line":51,"column":0},"end":{"line":51,"column":30}},"51":{"start":{"line":52,"column":0},"end":{"line":52,"column":27}},"52":{"start":{"line":53,"column":0},"end":{"line":53,"column":33}},"53":{"start":{"line":54,"column":0},"end":{"line":54,"column":40}},"54":{"start":{"line":55,"column":0},"end":{"line":55,"column":18}},"55":{"start":{"line":56,"column":0},"end":{"line":56,"column":10}},"56":{"start":{"line":57,"column":0},"end":{"line":57,"column":14}},"57":{"start":{"line":58,"column":0},"end":{"line":58,"column":22}},"58":{"start":{"line":59,"column":0},"end":{"line":59,"column":22}},"59":{"start":{"line":60,"column":0},"end":{"line":60,"column":30}},"60":{"start":{"line":61,"column":0},"end":{"line":61,"column":28}},"61":{"start":{"line":62,"column":0},"end":{"line":62,"column":33}},"62":{"start":{"line":63,"column":0},"end":{"line":63,"column":40}},"63":{"start":{"line":64,"column":0},"end":{"line":64,"column":18}},"64":{"start":{"line":65,"column":0},"end":{"line":65,"column":10}},"65":{"start":{"line":66,"column":0},"end":{"line":66,"column":14}},"66":{"start":{"line":67,"column":0},"end":{"line":67,"column":25}},"67":{"start":{"line":68,"column":0},"end":{"line":68,"column":25}},"68":{"start":{"line":69,"column":0},"end":{"line":69,"column":34}},"69":{"start":{"line":70,"column":0},"end":{"line":70,"column":31}},"70":{"start":{"line":71,"column":0},"end":{"line":71,"column":33}},"71":{"start":{"line":72,"column":0},"end":{"line":72,"column":40}},"72":{"start":{"line":73,"column":0},"end":{"line":73,"column":18}},"73":{"start":{"line":74,"column":0},"end":{"line":74,"column":10}},"74":{"start":{"line":75,"column":0},"end":{"line":75,"column":15}},"75":{"start":{"line":76,"column":0},"end":{"line":76,"column":21}},"76":{"start":{"line":77,"column":0},"end":{"line":77,"column":27}},"77":{"start":{"line":78,"column":0},"end":{"line":78,"column":33}},"78":{"start":{"line":79,"column":0},"end":{"line":79,"column":40}},"80":{"start":{"line":81,"column":0},"end":{"line":81,"column":53}},"81":{"start":{"line":82,"column":0},"end":{"line":82,"column":46}},"82":{"start":{"line":83,"column":0},"end":{"line":83,"column":54}},"83":{"start":{"line":84,"column":0},"end":{"line":84,"column":17}},"85":{"start":{"line":86,"column":0},"end":{"line":86,"column":15}},"86":{"start":{"line":87,"column":0},"end":{"line":87,"column":23}},"87":{"start":{"line":88,"column":0},"end":{"line":88,"column":80}},"88":{"start":{"line":89,"column":0},"end":{"line":89,"column":9}},"90":{"start":{"line":91,"column":0},"end":{"line":91,"column":17}},"91":{"start":{"line":92,"column":0},"end":{"line":92,"column":13}},"92":{"start":{"line":93,"column":0},"end":{"line":93,"column":10}},"94":{"start":{"line":95,"column":0},"end":{"line":95,"column":1}}},"s":{"0":1,"4":13,"5":13,"7":13,"8":13,"9":13,"10":13,"11":13,"12":13,"14":13,"16":13,"17":6,"18":6,"20":13,"21":2,"22":2,"24":2,"25":2,"26":1,"27":1,"28":0,"29":1,"30":1,"31":1,"32":1,"33":1,"34":2,"36":13,"37":13,"38":13,"40":13,"41":2,"42":2,"43":2,"46":13,"47":13,"48":13,"49":13,"50":13,"51":13,"52":13,"53":13,"54":13,"55":13,"56":13,"57":13,"58":13,"59":13,"60":13,"61":13,"62":13,"63":13,"64":13,"65":13,"66":13,"67":13,"68":13,"69":13,"70":13,"71":13,"72":13,"73":13,"74":13,"75":13,"76":13,"77":13,"78":13,"80":13,"81":13,"82":13,"83":13,"85":13,"86":13,"87":13,"88":13,"90":13,"91":13,"92":13,"94":13},"branchMap":{"0":{"type":"branch","line":5,"loc":{"start":{"line":5,"column":0},"end":{"line":95,"column":1}},"locations":[{"start":{"line":5,"column":0},"end":{"line":95,"column":1}}]},"1":{"type":"branch","line":41,"loc":{"start":{"line":41,"column":7},"end":{"line":44,"column":12}},"locations":[{"start":{"line":41,"column":7},"end":{"line":44,"column":12}}]},"2":{"type":"branch","line":42,"loc":{"start":{"line":42,"column":60},"end":{"line":42,"column":83}},"locations":[{"start":{"line":42,"column":60},"end":{"line":42,"column":83}}]},"3":{"type":"branch","line":42,"loc":{"start":{"line":42,"column":64},"end":{"line":42,"column":97}},"locations":[{"start":{"line":42,"column":64},"end":{"line":42,"column":97}}]},"4":{"type":"branch","line":17,"loc":{"start":{"line":17,"column":23},"end":{"line":19,"column":4}},"locations":[{"start":{"line":17,"column":23},"end":{"line":19,"column":4}}]},"5":{"type":"branch","line":21,"loc":{"start":{"line":21,"column":23},"end":{"line":35,"column":4}},"locations":[{"start":{"line":21,"column":23},"end":{"line":35,"column":4}}]},"6":{"type":"branch","line":26,"loc":{"start":{"line":26,"column":38},"end":{"line":34,"column":5}},"locations":[{"start":{"line":26,"column":38},"end":{"line":34,"column":5}}]},"7":{"type":"branch","line":32,"loc":{"start":{"line":32,"column":41},"end":{"line":32,"column":72}},"locations":[{"start":{"line":32,"column":41},"end":{"line":32,"column":72}}]},"8":{"type":"branch","line":33,"loc":{"start":{"line":33,"column":51},"end":{"line":33,"column":82}},"locations":[{"start":{"line":33,"column":51},"end":{"line":33,"column":82}}]}},"b":{"0":[13],"1":[2],"2":[1],"3":[1],"4":[6],"5":[2],"6":[1],"7":[0],"8":[0]},"fnMap":{"0":{"name":"Register","decl":{"start":{"line":5,"column":0},"end":{"line":95,"column":1}},"loc":{"start":{"line":5,"column":0},"end":{"line":95,"column":1}},"line":5},"1":{"name":"handleChange","decl":{"start":{"line":17,"column":23},"end":{"line":19,"column":4}},"loc":{"start":{"line":17,"column":23},"end":{"line":19,"column":4}},"line":17},"2":{"name":"handleSubmit","decl":{"start":{"line":21,"column":23},"end":{"line":35,"column":4}},"loc":{"start":{"line":21,"column":23},"end":{"line":35,"column":4}},"line":21}},"f":{"0":13,"1":6,"2":2}}
,"/home/d0dzv/desarrollosoftware/IIC3141-3-HubUC-Frontend/src/components/tutor/PublicarClase.jsx": {"path":"/home/d0dzv/desarrollosoftware/IIC3141-3-HubUC-Frontend/src/components/tutor/PublicarClase.jsx","all":false,"statementMap":{"0":{"start":{"line":1,"column":0},"end":{"line":1,"column":51}},"3":{"start":{"line":4,"column":0},"end":{"line":4,"column":41}},"5":{"start":{"line":6,"column":0},"end":{"line":6,"column":39}},"6":{"start":{"line":7,"column":0},"end":{"line":7,"column":76}},"7":{"start":{"line":8,"column":0},"end":{"line":8,"column":43}},"8":{"start":{"line":9,"column":0},"end":{"line":9,"column":53}},"9":{"start":{"line":10,"column":0},"end":{"line":10,"column":45}},"10":{"start":{"line":11,"column":0},"end":{"line":11,"column":52}},"11":{"start":{"line":12,"column":0},"end":{"line":12,"column":63}},"14":{"start":{"line":15,"column":0},"end":{"line":15,"column":17}},"15":{"start":{"line":16,"column":0},"end":{"line":16,"column":39}},"16":{"start":{"line":17,"column":0},"end":{"line":17,"column":39}},"17":{"start":{"line":18,"column":0},"end":{"line":18,"column":39}},"18":{"start":{"line":19,"column":0},"end":{"line":19,"column":12}},"19":{"start":{"line":20,"column":0},"end":{"line":20,"column":4}},"20":{"start":{"line":21,"column":0},"end":{"line":21,"column":65}},"23":{"start":{"line":24,"column":0},"end":{"line":24,"column":19}},"24":{"start":{"line":25,"column":0},"end":{"line":25,"column":36}},"25":{"start":{"line":26,"column":0},"end":{"line":26,"column":11}},"26":{"start":{"line":27,"column":0},"end":{"line":27,"column":51}},"27":{"start":{"line":28,"column":0},"end":{"line":28,"column":34}},"28":{"start":{"line":29,"column":0},"end":{"line":29,"column":15}},"29":{"start":{"line":30,"column":0},"end":{"line":30,"column":32}},"30":{"start":{"line":31,"column":0},"end":{"line":31,"column":7}},"31":{"start":{"line":32,"column":0},"end":{"line":32,"column":6}},"32":{"start":{"line":33,"column":0},"end":{"line":33,"column":17}},"33":{"start":{"line":34,"column":0},"end":{"line":34,"column":9}},"36":{"start":{"line":37,"column":0},"end":{"line":37,"column":38}},"37":{"start":{"line":38,"column":0},"end":{"line":38,"column":40}},"38":{"start":{"line":39,"column":0},"end":{"line":39,"column":25}},"39":{"start":{"line":40,"column":0},"end":{"line":40,"column":67}},"40":{"start":{"line":41,"column":0},"end":{"line":41,"column":6}},"41":{"start":{"line":42,"column":0},"end":{"line":42,"column":4}},"43":{"start":{"line":44,"column":0},"end":{"line":44,"column":37}},"44":{"start":{"line":45,"column":0},"end":{"line":45,"column":23}},"45":{"start":{"line":46,"column":0},"end":{"line":46,"column":9}},"46":{"start":{"line":47,"column":0},"end":{"line":47,"column":42}},"47":{"start":{"line":48,"column":0},"end":{"line":48,"column":36}},"48":{"start":{"line":49,"column":0},"end":{"line":49,"column":26}},"49":{"start":{"line":50,"column":0},"end":{"line":50,"column":35}},"50":{"start":{"line":51,"column":0},"end":{"line":51,"column":20}},"51":{"start":{"line":52,"column":0},"end":{"line":52,"column":9}},"52":{"start":{"line":53,"column":0},"end":{"line":53,"column":52}},"53":{"start":{"line":54,"column":0},"end":{"line":54,"column":18}},"54":{"start":{"line":55,"column":0},"end":{"line":55,"column":22}},"55":{"start":{"line":56,"column":0},"end":{"line":56,"column":20}},"56":{"start":{"line":57,"column":0},"end":{"line":57,"column":25}},"57":{"start":{"line":58,"column":0},"end":{"line":58,"column":13}},"58":{"start":{"line":59,"column":0},"end":{"line":59,"column":49}},"59":{"start":{"line":60,"column":0},"end":{"line":60,"column":5}},"60":{"start":{"line":61,"column":0},"end":{"line":61,"column":4}},"63":{"start":{"line":64,"column":0},"end":{"line":64,"column":10}},"64":{"start":{"line":65,"column":0},"end":{"line":65,"column":26}},"65":{"start":{"line":66,"column":0},"end":{"line":66,"column":13}},"66":{"start":{"line":67,"column":0},"end":{"line":67,"column":48}},"67":{"start":{"line":68,"column":0},"end":{"line":68,"column":158}},"69":{"start":{"line":70,"column":0},"end":{"line":70,"column":52}},"70":{"start":{"line":71,"column":0},"end":{"line":71,"column":15}},"72":{"start":{"line":73,"column":0},"end":{"line":73,"column":21}},"73":{"start":{"line":74,"column":0},"end":{"line":74,"column":13}},"74":{"start":{"line":75,"column":0},"end":{"line":75,"column":33}},"75":{"start":{"line":76,"column":0},"end":{"line":76,"column":66}},"78":{"start":{"line":79,"column":0},"end":{"line":79,"column":15}},"79":{"start":{"line":80,"column":0},"end":{"line":80,"column":60}},"80":{"start":{"line":81,"column":0},"end":{"line":81,"column":19}},"81":{"start":{"line":82,"column":0},"end":{"line":82,"column":26}},"82":{"start":{"line":83,"column":0},"end":{"line":83,"column":55}},"83":{"start":{"line":84,"column":0},"end":{"line":84,"column":22}},"84":{"start":{"line":85,"column":0},"end":{"line":85,"column":96}},"86":{"start":{"line":87,"column":0},"end":{"line":87,"column":49}},"88":{"start":{"line":89,"column":0},"end":{"line":89,"column":23}},"89":{"start":{"line":90,"column":0},"end":{"line":90,"column":44}},"90":{"start":{"line":91,"column":0},"end":{"line":91,"column":48}},"91":{"start":{"line":92,"column":0},"end":{"line":92,"column":26}},"92":{"start":{"line":93,"column":0},"end":{"line":93,"column":25}},"93":{"start":{"line":94,"column":0},"end":{"line":94,"column":17}},"94":{"start":{"line":95,"column":0},"end":{"line":95,"column":21}},"95":{"start":{"line":96,"column":0},"end":{"line":96,"column":16}},"98":{"start":{"line":99,"column":0},"end":{"line":99,"column":15}},"99":{"start":{"line":100,"column":0},"end":{"line":100,"column":73}},"100":{"start":{"line":101,"column":0},"end":{"line":101,"column":21}},"101":{"start":{"line":102,"column":0},"end":{"line":102,"column":33}},"102":{"start":{"line":103,"column":0},"end":{"line":103,"column":62}},"103":{"start":{"line":104,"column":0},"end":{"line":104,"column":76}},"104":{"start":{"line":105,"column":0},"end":{"line":105,"column":22}},"105":{"start":{"line":106,"column":0},"end":{"line":106,"column":29}},"106":{"start":{"line":107,"column":0},"end":{"line":107,"column":108}},"107":{"start":{"line":108,"column":0},"end":{"line":108,"column":22}},"108":{"start":{"line":109,"column":0},"end":{"line":109,"column":14}},"109":{"start":{"line":110,"column":0},"end":{"line":110,"column":16}},"112":{"start":{"line":113,"column":0},"end":{"line":113,"column":15}},"113":{"start":{"line":114,"column":0},"end":{"line":114,"column":73}},"114":{"start":{"line":115,"column":0},"end":{"line":115,"column":18}},"115":{"start":{"line":116,"column":0},"end":{"line":116,"column":27}},"116":{"start":{"line":117,"column":0},"end":{"line":117,"column":28}},"117":{"start":{"line":118,"column":0},"end":{"line":118,"column":57}},"118":{"start":{"line":119,"column":0},"end":{"line":119,"column":33}},"119":{"start":{"line":120,"column":0},"end":{"line":120,"column":96}},"120":{"start":{"line":121,"column":0},"end":{"line":121,"column":22}},"121":{"start":{"line":122,"column":0},"end":{"line":122,"column":14}},"122":{"start":{"line":123,"column":0},"end":{"line":123,"column":16}},"125":{"start":{"line":126,"column":0},"end":{"line":126,"column":17}},"126":{"start":{"line":127,"column":0},"end":{"line":127,"column":25}},"127":{"start":{"line":128,"column":0},"end":{"line":128,"column":86}},"128":{"start":{"line":129,"column":0},"end":{"line":129,"column":11}},"130":{"start":{"line":131,"column":0},"end":{"line":131,"column":19}},"133":{"start":{"line":134,"column":0},"end":{"line":134,"column":59}},"134":{"start":{"line":135,"column":0},"end":{"line":135,"column":15}},"136":{"start":{"line":137,"column":0},"end":{"line":137,"column":10}},"138":{"start":{"line":139,"column":0},"end":{"line":139,"column":1}}},"s":{"0":1,"3":6,"5":6,"6":6,"7":6,"8":6,"9":6,"10":6,"11":6,"14":6,"15":6,"16":6,"17":6,"18":6,"19":6,"20":6,"23":6,"24":3,"25":3,"26":3,"27":0,"28":0,"29":0,"30":0,"31":3,"32":3,"33":6,"36":6,"37":0,"38":0,"39":0,"40":0,"41":0,"43":6,"44":0,"45":0,"46":0,"47":0,"48":0,"49":0,"50":0,"51":0,"52":0,"53":0,"54":0,"55":0,"56":0,"57":0,"58":0,"59":0,"60":0,"63":6,"64":6,"65":6,"66":6,"67":6,"69":6,"70":6,"72":6,"73":3,"74":3,"75":3,"78":3,"79":3,"80":3,"81":3,"82":3,"83":3,"84":3,"86":3,"88":3,"89":3,"90":0,"91":0,"92":0,"93":3,"94":3,"95":3,"98":3,"99":3,"100":3,"101":3,"102":3,"103":3,"104":3,"105":3,"106":3,"107":3,"108":3,"109":3,"112":3,"113":3,"114":3,"115":3,"116":3,"117":3,"118":3,"119":3,"120":3,"121":3,"122":3,"125":3,"126":3,"127":3,"128":3,"130":3,"133":3,"134":3,"136":6,"138":6},"branchMap":{"0":{"type":"branch","line":4,"loc":{"start":{"line":4,"column":0},"end":{"line":139,"column":1}},"locations":[{"start":{"line":4,"column":0},"end":{"line":139,"column":1}}]},"1":{"type":"branch","line":70,"loc":{"start":{"line":70,"column":9},"end":{"line":70,"column":27}},"locations":[{"start":{"line":70,"column":9},"end":{"line":70,"column":27}}]},"2":{"type":"branch","line":70,"loc":{"start":{"line":70,"column":21},"end":{"line":70,"column":31}},"locations":[{"start":{"line":70,"column":21},"end":{"line":70,"column":31}}]},"3":{"type":"branch","line":73,"loc":{"start":{"line":73,"column":7},"end":{"line":135,"column":15}},"locations":[{"start":{"line":73,"column":7},"end":{"line":135,"column":15}}]},"4":{"type":"branch","line":134,"loc":{"start":{"line":134,"column":11},"end":{"line":134,"column":59}},"locations":[{"start":{"line":134,"column":11},"end":{"line":134,"column":59}}]},"5":{"type":"branch","line":24,"loc":{"start":{"line":24,"column":12},"end":{"line":34,"column":5}},"locations":[{"start":{"line":24,"column":12},"end":{"line":34,"column":5}}]},"6":{"type":"branch","line":25,"loc":{"start":{"line":25,"column":23},"end":{"line":32,"column":6}},"locations":[{"start":{"line":25,"column":23},"end":{"line":32,"column":6}}]},"7":{"type":"branch","line":27,"loc":{"start":{"line":27,"column":49},"end":{"line":31,"column":7}},"locations":[{"start":{"line":27,"column":49},"end":{"line":31,"column":7}}]},"8":{"type":"branch","line":67,"loc":{"start":{"line":67,"column":17},"end":{"line":67,"column":48}},"locations":[{"start":{"line":67,"column":17},"end":{"line":67,"column":48}}]},"9":{"type":"branch","line":118,"loc":{"start":{"line":118,"column":24},"end":{"line":118,"column":57}},"locations":[{"start":{"line":118,"column":24},"end":{"line":118,"column":57}}]}},"b":{"0":[6],"1":[3],"2":[3],"3":[3],"4":[0],"5":[3],"6":[3],"7":[0],"8":[2],"9":[1]},"fnMap":{"0":{"name":"PublicarClase","decl":{"start":{"line":4,"column":0},"end":{"line":139,"column":1}},"loc":{"start":{"line":4,"column":0},"end":{"line":139,"column":1}},"line":4},"1":{"name":"fetchRamos","decl":{"start":{"line":25,"column":23},"end":{"line":32,"column":6}},"loc":{"start":{"line":25,"column":23},"end":{"line":32,"column":6}},"line":25},"2":{"name":"handleHorarioChange","decl":{"start":{"line":37,"column":30},"end":{"line":42,"column":4}},"loc":{"start":{"line":37,"column":30},"end":{"line":42,"column":4}},"line":37},"3":{"name":"handleSubmit","decl":{"start":{"line":44,"column":23},"end":{"line":61,"column":4}},"loc":{"start":{"line":44,"column":23},"end":{"line":61,"column":4}},"line":44},"4":{"name":"onClick","decl":{"start":{"line":67,"column":17},"end":{"line":67,"column":48}},"loc":{"start":{"line":67,"column":17},"end":{"line":67,"column":48}},"line":67},"5":{"name":"onChange","decl":{"start":{"line":83,"column":24},"end":{"line":83,"column":55}},"loc":{"start":{"line":83,"column":24},"end":{"line":83,"column":55}},"line":83},"6":{"name":"onChange","decl":{"start":{"line":103,"column":24},"end":{"line":103,"column":62}},"loc":{"start":{"line":103,"column":24},"end":{"line":103,"column":62}},"line":103},"7":{"name":"onChange","decl":{"start":{"line":118,"column":24},"end":{"line":118,"column":57}},"loc":{"start":{"line":118,"column":24},"end":{"line":118,"column":57}},"line":118}},"f":{"0":6,"1":3,"2":0,"3":0,"4":2,"5":0,"6":0,"7":1}}
,"/home/d0dzv/desarrollosoftware/IIC3141-3-HubUC-Frontend/src/pages/alumno/AlumnoLogin.jsx": {"path":"/home/d0dzv/desarrollosoftware/IIC3141-3-HubUC-Frontend/src/pages/alumno/AlumnoLogin.jsx","all":false,"statementMap":{"0":{"start":{"line":1,"column":0},"end":{"line":1,"column":40}},"5":{"start":{"line":6,"column":0},"end":{"line":6,"column":39}},"6":{"start":{"line":7,"column":0},"end":{"line":7,"column":33}},"7":{"start":{"line":8,"column":0},"end":{"line":8,"column":47}},"8":{"start":{"line":9,"column":0},"end":{"line":9,"column":36}},"9":{"start":{"line":10,"column":0},"end":{"line":10,"column":13}},"10":{"start":{"line":11,"column":0},"end":{"line":11,"column":14}},"11":{"start":{"line":12,"column":0},"end":{"line":12,"column":17}},"12":{"start":{"line":13,"column":0},"end":{"line":13,"column":20}},"13":{"start":{"line":14,"column":0},"end":{"line":14,"column":5}},"14":{"start":{"line":15,"column":0},"end":{"line":15,"column":47}},"16":{"start":{"line":17,"column":0},"end":{"line":17,"column":30}},"17":{"start":{"line":18,"column":0},"end":{"line":18,"column":25}},"18":{"start":{"line":19,"column":0},"end":{"line":19,"column":35}},"19":{"start":{"line":20,"column":0},"end":{"line":20,"column":21}},"20":{"start":{"line":21,"column":0},"end":{"line":21,"column":4}},"22":{"start":{"line":23,"column":0},"end":{"line":23,"column":31}},"23":{"start":{"line":24,"column":0},"end":{"line":24,"column":58}},"24":{"start":{"line":25,"column":0},"end":{"line":25,"column":4}},"26":{"start":{"line":27,"column":0},"end":{"line":27,"column":37}},"27":{"start":{"line":28,"column":0},"end":{"line":28,"column":23}},"28":{"start":{"line":29,"column":0},"end":{"line":29,"column":21}},"29":{"start":{"line":30,"column":0},"end":{"line":30,"column":9}},"30":{"start":{"line":31,"column":0},"end":{"line":31,"column":56}},"31":{"start":{"line":32,"column":0},"end":{"line":32,"column":29}},"32":{"start":{"line":33,"column":0},"end":{"line":33,"column":56}},"33":{"start":{"line":34,"column":0},"end":{"line":34,"column":15}},"35":{"start":{"line":36,"column":0},"end":{"line":36,"column":52}},"36":{"start":{"line":37,"column":0},"end":{"line":37,"column":42}},"38":{"start":{"line":39,"column":0},"end":{"line":39,"column":18}},"39":{"start":{"line":40,"column":0},"end":{"line":40,"column":45}},"40":{"start":{"line":41,"column":0},"end":{"line":41,"column":68}},"41":{"start":{"line":42,"column":0},"end":{"line":42,"column":7}},"43":{"start":{"line":44,"column":0},"end":{"line":44,"column":66}},"44":{"start":{"line":45,"column":0},"end":{"line":45,"column":20}},"45":{"start":{"line":46,"column":0},"end":{"line":46,"column":28}},"46":{"start":{"line":47,"column":0},"end":{"line":47,"column":7}},"47":{"start":{"line":48,"column":0},"end":{"line":48,"column":19}},"48":{"start":{"line":49,"column":0},"end":{"line":49,"column":70}},"49":{"start":{"line":50,"column":0},"end":{"line":50,"column":86}},"50":{"start":{"line":51,"column":0},"end":{"line":51,"column":5}},"51":{"start":{"line":52,"column":0},"end":{"line":52,"column":4}},"53":{"start":{"line":54,"column":0},"end":{"line":54,"column":10}},"54":{"start":{"line":55,"column":0},"end":{"line":55,"column":112}},"55":{"start":{"line":56,"column":0},"end":{"line":56,"column":11}},"56":{"start":{"line":57,"column":0},"end":{"line":57,"column":31}},"57":{"start":{"line":58,"column":0},"end":{"line":58,"column":85}},"59":{"start":{"line":60,"column":0},"end":{"line":60,"column":63}},"60":{"start":{"line":61,"column":0},"end":{"line":61,"column":58}},"61":{"start":{"line":62,"column":0},"end":{"line":62,"column":13}},"63":{"start":{"line":64,"column":0},"end":{"line":64,"column":22}},"64":{"start":{"line":65,"column":0},"end":{"line":65,"column":16}},"65":{"start":{"line":66,"column":0},"end":{"line":66,"column":23}},"66":{"start":{"line":67,"column":0},"end":{"line":67,"column":23}},"67":{"start":{"line":68,"column":0},"end":{"line":68,"column":32}},"68":{"start":{"line":69,"column":0},"end":{"line":69,"column":29}},"69":{"start":{"line":70,"column":0},"end":{"line":70,"column":35}},"70":{"start":{"line":71,"column":0},"end":{"line":71,"column":87}},"71":{"start":{"line":72,"column":0},"end":{"line":72,"column":20}},"72":{"start":{"line":73,"column":0},"end":{"line":73,"column":12}},"75":{"start":{"line":76,"column":0},"end":{"line":76,"column":14}},"76":{"start":{"line":77,"column":0},"end":{"line":77,"column":22}},"77":{"start":{"line":78,"column":0},"end":{"line":78,"column":22}},"78":{"start":{"line":79,"column":0},"end":{"line":79,"column":30}},"79":{"start":{"line":80,"column":0},"end":{"line":80,"column":28}},"80":{"start":{"line":81,"column":0},"end":{"line":81,"column":33}},"81":{"start":{"line":82,"column":0},"end":{"line":82,"column":85}},"82":{"start":{"line":83,"column":0},"end":{"line":83,"column":18}},"83":{"start":{"line":84,"column":0},"end":{"line":84,"column":10}},"85":{"start":{"line":86,"column":0},"end":{"line":86,"column":14}},"86":{"start":{"line":87,"column":0},"end":{"line":87,"column":25}},"87":{"start":{"line":88,"column":0},"end":{"line":88,"column":25}},"88":{"start":{"line":89,"column":0},"end":{"line":89,"column":34}},"89":{"start":{"line":90,"column":0},"end":{"line":90,"column":31}},"90":{"start":{"line":91,"column":0},"end":{"line":91,"column":33}},"91":{"start":{"line":92,"column":0},"end":{"line":92,"column":85}},"92":{"start":{"line":93,"column":0},"end":{"line":93,"column":18}},"93":{"start":{"line":94,"column":0},"end":{"line":94,"column":10}},"95":{"start":{"line":96,"column":0},"end":{"line":96,"column":22}},"96":{"start":{"line":97,"column":0},"end":{"line":97,"column":61}},"99":{"start":{"line":100,"column":0},"end":{"line":100,"column":15}},"100":{"start":{"line":101,"column":0},"end":{"line":101,"column":23}},"101":{"start":{"line":102,"column":0},"end":{"line":102,"column":93}},"103":{"start":{"line":104,"column":0},"end":{"line":104,"column":48}},"104":{"start":{"line":105,"column":0},"end":{"line":105,"column":17}},"106":{"start":{"line":107,"column":0},"end":{"line":107,"column":74}},"108":{"start":{"line":109,"column":0},"end":{"line":109,"column":15}},"109":{"start":{"line":110,"column":0},"end":{"line":110,"column":23}},"110":{"start":{"line":111,"column":0},"end":{"line":111,"column":32}},"111":{"start":{"line":112,"column":0},"end":{"line":112,"column":61}},"113":{"start":{"line":114,"column":0},"end":{"line":114,"column":18}},"114":{"start":{"line":115,"column":0},"end":{"line":115,"column":50}},"115":{"start":{"line":116,"column":0},"end":{"line":116,"column":49}},"116":{"start":{"line":117,"column":0},"end":{"line":117,"column":17}},"118":{"start":{"line":119,"column":0},"end":{"line":119,"column":13}},"119":{"start":{"line":120,"column":0},"end":{"line":120,"column":16}},"120":{"start":{"line":121,"column":0},"end":{"line":121,"column":80}},"121":{"start":{"line":122,"column":0},"end":{"line":122,"column":9}},"123":{"start":{"line":124,"column":0},"end":{"line":124,"column":15}},"124":{"start":{"line":125,"column":0},"end":{"line":125,"column":13}},"125":{"start":{"line":126,"column":0},"end":{"line":126,"column":10}},"127":{"start":{"line":128,"column":0},"end":{"line":128,"column":1}}},"s":{"0":1,"5":8,"6":8,"7":8,"8":8,"9":8,"10":8,"11":8,"12":8,"13":8,"14":8,"16":8,"17":1,"18":1,"19":1,"20":1,"22":8,"23":2,"24":2,"26":8,"27":1,"28":1,"29":1,"30":1,"31":1,"32":1,"33":0,"35":1,"36":1,"38":1,"39":0,"40":0,"41":0,"43":1,"44":1,"45":1,"46":1,"47":1,"48":0,"49":0,"50":0,"51":1,"53":8,"54":8,"55":8,"56":8,"57":8,"59":8,"60":8,"61":8,"63":8,"64":1,"65":1,"66":1,"67":1,"68":1,"69":1,"70":1,"71":1,"72":1,"75":8,"76":8,"77":8,"78":8,"79":8,"80":8,"81":8,"82":8,"83":8,"85":8,"86":8,"87":8,"88":8,"89":8,"90":8,"91":8,"92":8,"93":8,"95":8,"96":1,"99":8,"100":8,"101":8,"103":8,"104":8,"106":8,"108":8,"109":8,"110":8,"111":8,"113":8,"114":7,"115":1,"116":8,"118":8,"119":8,"120":8,"121":8,"123":8,"124":8,"125":8,"127":8},"branchMap":{"0":{"type":"branch","line":6,"loc":{"start":{"line":6,"column":0},"end":{"line":128,"column":1}},"locations":[{"start":{"line":6,"column":0},"end":{"line":128,"column":1}}]},"1":{"type":"branch","line":61,"loc":{"start":{"line":61,"column":11},"end":{"line":61,"column":40}},"locations":[{"start":{"line":61,"column":11},"end":{"line":61,"column":40}}]},"2":{"type":"branch","line":61,"loc":{"start":{"line":61,"column":21},"end":{"line":61,"column":58}},"locations":[{"start":{"line":61,"column":21},"end":{"line":61,"column":58}}]},"3":{"type":"branch","line":64,"loc":{"start":{"line":64,"column":10},"end":{"line":73,"column":12}},"locations":[{"start":{"line":64,"column":10},"end":{"line":73,"column":12}}]},"4":{"type":"branch","line":96,"loc":{"start":{"line":96,"column":10},"end":{"line":97,"column":61}},"locations":[{"start":{"line":96,"column":10},"end":{"line":97,"column":61}}]},"5":{"type":"branch","line":104,"loc":{"start":{"line":104,"column":11},"end":{"line":104,"column":34}},"locations":[{"start":{"line":104,"column":11},"end":{"line":104,"column":34}}]},"6":{"type":"branch","line":104,"loc":{"start":{"line":104,"column":21},"end":{"line":104,"column":48}},"locations":[{"start":{"line":104,"column":21},"end":{"line":104,"column":48}}]},"7":{"type":"branch","line":107,"loc":{"start":{"line":107,"column":9},"end":{"line":107,"column":74}},"locations":[{"start":{"line":107,"column":9},"end":{"line":107,"column":74}}]},"8":{"type":"branch","line":114,"loc":{"start":{"line":114,"column":11},"end":{"line":115,"column":50}},"locations":[{"start":{"line":114,"column":11},"end":{"line":115,"column":50}}]},"9":{"type":"branch","line":115,"loc":{"start":{"line":115,"column":14},"end":{"line":116,"column":49}},"locations":[{"start":{"line":115,"column":14},"end":{"line":116,"column":49}}]},"10":{"type":"branch","line":17,"loc":{"start":{"line":17,"column":23},"end":{"line":21,"column":4}},"locations":[{"start":{"line":17,"column":23},"end":{"line":21,"column":4}}]},"11":{"type":"branch","line":23,"loc":{"start":{"line":23,"column":23},"end":{"line":25,"column":4}},"locations":[{"start":{"line":23,"column":23},"end":{"line":25,"column":4}}]},"12":{"type":"branch","line":27,"loc":{"start":{"line":27,"column":23},"end":{"line":52,"column":4}},"locations":[{"start":{"line":27,"column":23},"end":{"line":52,"column":4}}]},"13":{"type":"branch","line":31,"loc":{"start":{"line":31,"column":33},"end":{"line":31,"column":56}},"locations":[{"start":{"line":31,"column":33},"end":{"line":31,"column":56}}]},"14":{"type":"branch","line":33,"loc":{"start":{"line":33,"column":55},"end":{"line":34,"column":15}},"locations":[{"start":{"line":33,"column":55},"end":{"line":34,"column":15}}]},"15":{"type":"branch","line":39,"loc":{"start":{"line":39,"column":17},"end":{"line":42,"column":7}},"locations":[{"start":{"line":39,"column":17},"end":{"line":42,"column":7}}]},"16":{"type":"branch","line":44,"loc":{"start":{"line":44,"column":32},"end":{"line":44,"column":54}},"locations":[{"start":{"line":44,"column":32},"end":{"line":44,"column":54}}]},"17":{"type":"branch","line":48,"loc":{"start":{"line":48,"column":4},"end":{"line":51,"column":5}},"locations":[{"start":{"line":48,"column":4},"end":{"line":51,"column":5}}]}},"b":{"0":[8],"1":[7],"2":[1],"3":[1],"4":[1],"5":[7],"6":[1],"7":[1],"8":[7],"9":[1],"10":[1],"11":[2],"12":[1],"13":[0],"14":[0],"15":[0],"16":[0],"17":[0]},"fnMap":{"0":{"name":"AlumnoLogin","decl":{"start":{"line":6,"column":0},"end":{"line":128,"column":1}},"loc":{"start":{"line":6,"column":0},"end":{"line":128,"column":1}},"line":6},"1":{"name":"handleToggle","decl":{"start":{"line":17,"column":23},"end":{"line":21,"column":4}},"loc":{"start":{"line":17,"column":23},"end":{"line":21,"column":4}},"line":17},"2":{"name":"handleChange","decl":{"start":{"line":23,"column":23},"end":{"line":25,"column":4}},"loc":{"start":{"line":23,"column":23},"end":{"line":25,"column":4}},"line":23},"3":{"name":"handleSubmit","decl":{"start":{"line":27,"column":23},"end":{"line":52,"column":4}},"loc":{"start":{"line":27,"column":23},"end":{"line":52,"column":4}},"line":27}},"f":{"0":8,"1":1,"2":2,"3":1}}
,"/home/d0dzv/desarrollosoftware/IIC3141-3-HubUC-Frontend/src/pages/alumno/Clases.jsx": {"path":"/home/d0dzv/desarrollosoftware/IIC3141-3-HubUC-Frontend/src/pages/alumno/Clases.jsx","all":false,"statementMap":{"0":{"start":{"line":1,"column":0},"end":{"line":1,"column":51}},"5":{"start":{"line":6,"column":0},"end":{"line":6,"column":59}},"6":{"start":{"line":7,"column":0},"end":{"line":7,"column":33}},"7":{"start":{"line":8,"column":0},"end":{"line":8,"column":63}},"8":{"start":{"line":9,"column":0},"end":{"line":9,"column":72}},"9":{"start":{"line":10,"column":0},"end":{"line":10,"column":42}},"10":{"start":{"line":11,"column":0},"end":{"line":11,"column":18}},"11":{"start":{"line":12,"column":0},"end":{"line":12,"column":17}},"12":{"start":{"line":13,"column":0},"end":{"line":13,"column":5}},"14":{"start":{"line":15,"column":0},"end":{"line":15,"column":53}},"15":{"start":{"line":16,"column":0},"end":{"line":16,"column":51}},"16":{"start":{"line":17,"column":0},"end":{"line":17,"column":51}},"17":{"start":{"line":18,"column":0},"end":{"line":18,"column":45}},"18":{"start":{"line":19,"column":0},"end":{"line":19,"column":61}},"19":{"start":{"line":20,"column":0},"end":{"line":20,"column":50}},"21":{"start":{"line":22,"column":0},"end":{"line":22,"column":30}},"22":{"start":{"line":23,"column":0},"end":{"line":23,"column":37}},"23":{"start":{"line":24,"column":0},"end":{"line":24,"column":18}},"24":{"start":{"line":25,"column":0},"end":{"line":25,"column":4}},"26":{"start":{"line":27,"column":0},"end":{"line":27,"column":44}},"27":{"start":{"line":28,"column":0},"end":{"line":28,"column":30}},"28":{"start":{"line":29,"column":0},"end":{"line":29,"column":22}},"29":{"start":{"line":30,"column":0},"end":{"line":30,"column":4}},"31":{"start":{"line":32,"column":0},"end":{"line":32,"column":56}},"32":{"start":{"line":33,"column":0},"end":{"line":33,"column":9}},"33":{"start":{"line":34,"column":0},"end":{"line":34,"column":50}},"34":{"start":{"line":35,"column":0},"end":{"line":35,"column":23}},"35":{"start":{"line":36,"column":0},"end":{"line":36,"column":43}},"36":{"start":{"line":37,"column":0},"end":{"line":37,"column":11}},"37":{"start":{"line":38,"column":0},"end":{"line":38,"column":9}},"38":{"start":{"line":39,"column":0},"end":{"line":39,"column":20}},"39":{"start":{"line":40,"column":0},"end":{"line":40,"column":45}},"40":{"start":{"line":41,"column":0},"end":{"line":41,"column":12}},"41":{"start":{"line":42,"column":0},"end":{"line":42,"column":9}},"42":{"start":{"line":43,"column":0},"end":{"line":43,"column":8}},"43":{"start":{"line":44,"column":0},"end":{"line":44,"column":45}},"44":{"start":{"line":45,"column":0},"end":{"line":45,"column":25}},"45":{"start":{"line":46,"column":0},"end":{"line":46,"column":17}},"46":{"start":{"line":47,"column":0},"end":{"line":47,"column":52}},"47":{"start":{"line":48,"column":0},"end":{"line":48,"column":52}},"48":{"start":{"line":49,"column":0},"end":{"line":49,"column":5}},"49":{"start":{"line":50,"column":0},"end":{"line":50,"column":4}},"51":{"start":{"line":52,"column":0},"end":{"line":52,"column":31}},"52":{"start":{"line":53,"column":0},"end":{"line":53,"column":73}},"53":{"start":{"line":54,"column":0},"end":{"line":54,"column":4}},"55":{"start":{"line":56,"column":0},"end":{"line":56,"column":39}},"56":{"start":{"line":57,"column":0},"end":{"line":57,"column":9}},"57":{"start":{"line":58,"column":0},"end":{"line":58,"column":46}},"58":{"start":{"line":59,"column":0},"end":{"line":59,"column":27}},"59":{"start":{"line":60,"column":0},"end":{"line":60,"column":47}},"60":{"start":{"line":61,"column":0},"end":{"line":61,"column":23}},"61":{"start":{"line":62,"column":0},"end":{"line":62,"column":49}},"62":{"start":{"line":63,"column":0},"end":{"line":63,"column":28}},"63":{"start":{"line":64,"column":0},"end":{"line":64,"column":17}},"64":{"start":{"line":65,"column":0},"end":{"line":65,"column":49}},"65":{"start":{"line":66,"column":0},"end":{"line":66,"column":5}},"66":{"start":{"line":67,"column":0},"end":{"line":67,"column":4}},"68":{"start":{"line":69,"column":0},"end":{"line":69,"column":41}},"69":{"start":{"line":70,"column":0},"end":{"line":70,"column":9}},"70":{"start":{"line":71,"column":0},"end":{"line":71,"column":55}},"71":{"start":{"line":72,"column":0},"end":{"line":72,"column":66}},"72":{"start":{"line":73,"column":0},"end":{"line":73,"column":17}},"73":{"start":{"line":74,"column":0},"end":{"line":74,"column":59}},"74":{"start":{"line":75,"column":0},"end":{"line":75,"column":5}},"75":{"start":{"line":76,"column":0},"end":{"line":76,"column":4}},"77":{"start":{"line":78,"column":0},"end":{"line":78,"column":39}},"78":{"start":{"line":79,"column":0},"end":{"line":79,"column":21}},"79":{"start":{"line":80,"column":0},"end":{"line":80,"column":9}},"80":{"start":{"line":81,"column":0},"end":{"line":81,"column":59}},"81":{"start":{"line":82,"column":0},"end":{"line":82,"column":35}},"82":{"start":{"line":83,"column":0},"end":{"line":83,"column":32}},"83":{"start":{"line":84,"column":0},"end":{"line":84,"column":80}},"84":{"start":{"line":85,"column":0},"end":{"line":85,"column":53}},"85":{"start":{"line":86,"column":0},"end":{"line":86,"column":21}},"86":{"start":{"line":87,"column":0},"end":{"line":87,"column":63}},"87":{"start":{"line":88,"column":0},"end":{"line":88,"column":15}},"88":{"start":{"line":89,"column":0},"end":{"line":89,"column":24}},"89":{"start":{"line":90,"column":0},"end":{"line":90,"column":5}},"90":{"start":{"line":91,"column":0},"end":{"line":91,"column":4}},"92":{"start":{"line":93,"column":0},"end":{"line":93,"column":30}},"93":{"start":{"line":94,"column":0},"end":{"line":94,"column":44}},"95":{"start":{"line":96,"column":0},"end":{"line":96,"column":52}},"96":{"start":{"line":97,"column":0},"end":{"line":97,"column":51}},"97":{"start":{"line":98,"column":0},"end":{"line":98,"column":48}},"99":{"start":{"line":100,"column":0},"end":{"line":100,"column":25}},"100":{"start":{"line":101,"column":0},"end":{"line":101,"column":21}},"101":{"start":{"line":102,"column":0},"end":{"line":102,"column":49}},"102":{"start":{"line":103,"column":0},"end":{"line":103,"column":80}},"104":{"start":{"line":105,"column":0},"end":{"line":105,"column":24}},"105":{"start":{"line":106,"column":0},"end":{"line":106,"column":20}},"106":{"start":{"line":107,"column":0},"end":{"line":107,"column":47}},"107":{"start":{"line":108,"column":0},"end":{"line":108,"column":77}},"109":{"start":{"line":110,"column":0},"end":{"line":110,"column":39}},"110":{"start":{"line":111,"column":0},"end":{"line":111,"column":7}},"112":{"start":{"line":113,"column":0},"end":{"line":113,"column":25}},"113":{"start":{"line":114,"column":0},"end":{"line":114,"column":4}},"115":{"start":{"line":116,"column":0},"end":{"line":116,"column":19}},"116":{"start":{"line":117,"column":0},"end":{"line":117,"column":31}},"117":{"start":{"line":118,"column":0},"end":{"line":118,"column":22}},"118":{"start":{"line":119,"column":0},"end":{"line":119,"column":22}},"119":{"start":{"line":120,"column":0},"end":{"line":120,"column":23}},"121":{"start":{"line":122,"column":0},"end":{"line":122,"column":10}},"122":{"start":{"line":123,"column":0},"end":{"line":123,"column":64}},"123":{"start":{"line":124,"column":0},"end":{"line":124,"column":62}},"124":{"start":{"line":125,"column":0},"end":{"line":125,"column":66}},"125":{"start":{"line":126,"column":0},"end":{"line":126,"column":36}},"126":{"start":{"line":127,"column":0},"end":{"line":127,"column":17}},"127":{"start":{"line":128,"column":0},"end":{"line":128,"column":47}},"128":{"start":{"line":129,"column":0},"end":{"line":129,"column":88}},"129":{"start":{"line":130,"column":0},"end":{"line":130,"column":11}},"131":{"start":{"line":132,"column":0},"end":{"line":132,"column":19}},"132":{"start":{"line":133,"column":0},"end":{"line":133,"column":17}},"133":{"start":{"line":134,"column":0},"end":{"line":134,"column":34}},"134":{"start":{"line":135,"column":0},"end":{"line":135,"column":121}},"135":{"start":{"line":136,"column":0},"end":{"line":136,"column":11}},"137":{"start":{"line":138,"column":0},"end":{"line":138,"column":19}},"138":{"start":{"line":139,"column":0},"end":{"line":139,"column":14}},"139":{"start":{"line":140,"column":0},"end":{"line":140,"column":12}},"141":{"start":{"line":142,"column":0},"end":{"line":142,"column":79}},"142":{"start":{"line":143,"column":0},"end":{"line":143,"column":14}},"143":{"start":{"line":144,"column":0},"end":{"line":144,"column":26}},"144":{"start":{"line":145,"column":0},"end":{"line":145,"column":21}},"145":{"start":{"line":146,"column":0},"end":{"line":146,"column":39}},"146":{"start":{"line":147,"column":0},"end":{"line":147,"column":65}},"147":{"start":{"line":148,"column":0},"end":{"line":148,"column":35}},"148":{"start":{"line":149,"column":0},"end":{"line":149,"column":33}},"149":{"start":{"line":150,"column":0},"end":{"line":150,"column":10}},"150":{"start":{"line":151,"column":0},"end":{"line":151,"column":14}},"151":{"start":{"line":152,"column":0},"end":{"line":152,"column":25}},"152":{"start":{"line":153,"column":0},"end":{"line":153,"column":21}},"153":{"start":{"line":154,"column":0},"end":{"line":154,"column":40}},"154":{"start":{"line":155,"column":0},"end":{"line":155,"column":65}},"155":{"start":{"line":156,"column":0},"end":{"line":156,"column":34}},"156":{"start":{"line":157,"column":0},"end":{"line":157,"column":33}},"157":{"start":{"line":158,"column":0},"end":{"line":158,"column":10}},"158":{"start":{"line":159,"column":0},"end":{"line":159,"column":15}},"159":{"start":{"line":160,"column":0},"end":{"line":160,"column":32}},"160":{"start":{"line":161,"column":0},"end":{"line":161,"column":81}},"161":{"start":{"line":162,"column":0},"end":{"line":162,"column":9}},"163":{"start":{"line":164,"column":0},"end":{"line":164,"column":17}},"164":{"start":{"line":165,"column":0},"end":{"line":165,"column":12}},"166":{"start":{"line":167,"column":0},"end":{"line":167,"column":18}},"167":{"start":{"line":168,"column":0},"end":{"line":168,"column":74}},"169":{"start":{"line":170,"column":0},"end":{"line":170,"column":45}},"170":{"start":{"line":171,"column":0},"end":{"line":171,"column":35}},"171":{"start":{"line":172,"column":0},"end":{"line":172,"column":85}},"173":{"start":{"line":174,"column":0},"end":{"line":174,"column":37}},"174":{"start":{"line":175,"column":0},"end":{"line":175,"column":59}},"175":{"start":{"line":176,"column":0},"end":{"line":176,"column":56}},"177":{"start":{"line":178,"column":0},"end":{"line":178,"column":22}},"178":{"start":{"line":179,"column":0},"end":{"line":179,"column":20}},"179":{"start":{"line":180,"column":0},"end":{"line":180,"column":33}},"180":{"start":{"line":181,"column":0},"end":{"line":181,"column":168}},"182":{"start":{"line":183,"column":0},"end":{"line":183,"column":23}},"183":{"start":{"line":184,"column":0},"end":{"line":184,"column":59}},"184":{"start":{"line":185,"column":0},"end":{"line":185,"column":78}},"185":{"start":{"line":186,"column":0},"end":{"line":186,"column":26}},"186":{"start":{"line":187,"column":0},"end":{"line":187,"column":62}},"187":{"start":{"line":188,"column":0},"end":{"line":188,"column":56}},"188":{"start":{"line":189,"column":0},"end":{"line":189,"column":26}},"189":{"start":{"line":190,"column":0},"end":{"line":190,"column":62}},"190":{"start":{"line":191,"column":0},"end":{"line":191,"column":75}},"191":{"start":{"line":192,"column":0},"end":{"line":192,"column":26}},"192":{"start":{"line":193,"column":0},"end":{"line":193,"column":91}},"193":{"start":{"line":194,"column":0},"end":{"line":194,"column":62}},"194":{"start":{"line":195,"column":0},"end":{"line":195,"column":33}},"195":{"start":{"line":196,"column":0},"end":{"line":196,"column":76}},"196":{"start":{"line":197,"column":0},"end":{"line":197,"column":44}},"197":{"start":{"line":198,"column":0},"end":{"line":198,"column":43}},"198":{"start":{"line":199,"column":0},"end":{"line":199,"column":53}},"199":{"start":{"line":200,"column":0},"end":{"line":200,"column":25}},"200":{"start":{"line":201,"column":0},"end":{"line":201,"column":26}},"201":{"start":{"line":202,"column":0},"end":{"line":202,"column":24}},"203":{"start":{"line":204,"column":0},"end":{"line":204,"column":25}},"204":{"start":{"line":205,"column":0},"end":{"line":205,"column":64}},"205":{"start":{"line":206,"column":0},"end":{"line":206,"column":91}},"206":{"start":{"line":207,"column":0},"end":{"line":207,"column":19}},"208":{"start":{"line":209,"column":0},"end":{"line":209,"column":27}},"209":{"start":{"line":210,"column":0},"end":{"line":210,"column":22}},"211":{"start":{"line":212,"column":0},"end":{"line":212,"column":14}},"213":{"start":{"line":214,"column":0},"end":{"line":214,"column":14}},"215":{"start":{"line":216,"column":0},"end":{"line":216,"column":38}},"216":{"start":{"line":217,"column":0},"end":{"line":217,"column":20}},"217":{"start":{"line":218,"column":0},"end":{"line":218,"column":33}},"218":{"start":{"line":219,"column":0},"end":{"line":219,"column":35}},"219":{"start":{"line":220,"column":0},"end":{"line":220,"column":44}},"220":{"start":{"line":221,"column":0},"end":{"line":221,"column":45}},"221":{"start":{"line":222,"column":0},"end":{"line":222,"column":10}},"223":{"start":{"line":224,"column":0},"end":{"line":224,"column":10}},"225":{"start":{"line":226,"column":0},"end":{"line":226,"column":1}}},"s":{"0":1,"5":7,"6":7,"7":7,"8":7,"9":7,"10":7,"11":7,"12":7,"14":7,"15":7,"16":7,"17":7,"18":7,"19":7,"21":7,"22":0,"23":0,"24":0,"26":7,"27":1,"28":1,"29":1,"31":7,"32":0,"33":0,"34":0,"35":0,"36":0,"37":0,"38":0,"39":0,"40":0,"41":0,"42":0,"43":0,"44":0,"45":0,"46":0,"47":0,"48":0,"49":0,"51":7,"52":2,"53":2,"55":7,"56":1,"57":1,"58":0,"59":0,"60":0,"61":0,"62":0,"63":0,"64":0,"65":0,"66":1,"68":7,"69":0,"70":0,"71":0,"72":0,"73":0,"74":0,"75":0,"77":7,"78":1,"79":1,"80":1,"81":0,"82":0,"83":0,"84":0,"85":0,"86":0,"87":0,"88":0,"89":0,"90":1,"92":7,"93":0,"95":0,"96":0,"97":0,"99":0,"100":0,"101":0,"102":0,"104":0,"105":0,"106":0,"107":0,"109":0,"110":0,"112":0,"113":0,"115":7,"116":4,"117":1,"118":1,"119":7,"121":7,"122":7,"123":7,"124":7,"125":7,"126":7,"127":7,"128":7,"129":7,"131":7,"132":7,"133":7,"134":7,"135":7,"137":7,"138":7,"139":7,"141":7,"142":7,"143":7,"144":7,"145":7,"146":7,"147":7,"148":7,"149":7,"150":7,"151":7,"152":7,"153":7,"154":7,"155":7,"156":7,"157":7,"158":7,"159":7,"160":7,"161":7,"163":7,"164":7,"166":7,"167":1,"169":6,"170":6,"171":0,"173":6,"174":12,"175":12,"177":12,"178":12,"179":12,"180":12,"182":12,"183":12,"184":12,"185":12,"186":12,"187":12,"188":12,"189":12,"190":12,"191":12,"192":12,"193":12,"194":12,"195":12,"196":12,"197":12,"198":12,"199":12,"200":12,"201":12,"203":12,"204":12,"205":12,"206":12,"208":12,"209":12,"211":6,"213":6,"215":7,"216":1,"217":1,"218":1,"219":1,"220":1,"221":1,"223":7,"225":7},"branchMap":{"0":{"type":"branch","line":6,"loc":{"start":{"line":6,"column":0},"end":{"line":226,"column":1}},"locations":[{"start":{"line":6,"column":0},"end":{"line":226,"column":1}}]},"1":{"type":"branch","line":8,"loc":{"start":{"line":8,"column":41},"end":{"line":8,"column":61}},"locations":[{"start":{"line":8,"column":41},"end":{"line":8,"column":61}}]},"2":{"type":"branch","line":9,"loc":{"start":{"line":9,"column":41},"end":{"line":9,"column":66}},"locations":[{"start":{"line":9,"column":41},"end":{"line":9,"column":66}}]},"3":{"type":"branch","line":9,"loc":{"start":{"line":9,"column":58},"end":{"line":9,"column":70}},"locations":[{"start":{"line":9,"column":58},"end":{"line":9,"column":70}}]},"4":{"type":"branch","line":167,"loc":{"start":{"line":167,"column":7},"end":{"line":168,"column":74}},"locations":[{"start":{"line":167,"column":7},"end":{"line":168,"column":74}}]},"5":{"type":"branch","line":168,"loc":{"start":{"line":168,"column":70},"end":{"line":214,"column":14}},"locations":[{"start":{"line":168,"column":70},"end":{"line":214,"column":14}}]},"6":{"type":"branch","line":171,"loc":{"start":{"line":171,"column":30},"end":{"line":172,"column":85}},"locations":[{"start":{"line":171,"column":30},"end":{"line":172,"column":85}}]},"7":{"type":"branch","line":216,"loc":{"start":{"line":216,"column":7},"end":{"line":216,"column":38}},"locations":[{"start":{"line":216,"column":7},"end":{"line":216,"column":38}}]},"8":{"type":"branch","line":216,"loc":{"start":{"line":216,"column":19},"end":{"line":222,"column":10}},"locations":[{"start":{"line":216,"column":19},"end":{"line":222,"column":10}}]},"9":{"type":"branch","line":27,"loc":{"start":{"line":27,"column":31},"end":{"line":30,"column":4}},"locations":[{"start":{"line":27,"column":31},"end":{"line":30,"column":4}}]},"10":{"type":"branch","line":52,"loc":{"start":{"line":52,"column":23},"end":{"line":54,"column":4}},"locations":[{"start":{"line":52,"column":23},"end":{"line":54,"column":4}}]},"11":{"type":"branch","line":53,"loc":{"start":{"line":53,"column":15},"end":{"line":53,"column":71}},"locations":[{"start":{"line":53,"column":15},"end":{"line":53,"column":71}}]},"12":{"type":"branch","line":56,"loc":{"start":{"line":56,"column":26},"end":{"line":67,"column":4}},"locations":[{"start":{"line":56,"column":26},"end":{"line":67,"column":4}}]},"13":{"type":"branch","line":58,"loc":{"start":{"line":58,"column":44},"end":{"line":66,"column":5}},"locations":[{"start":{"line":58,"column":44},"end":{"line":66,"column":5}}]},"14":{"type":"branch","line":78,"loc":{"start":{"line":78,"column":26},"end":{"line":91,"column":4}},"locations":[{"start":{"line":78,"column":26},"end":{"line":91,"column":4}}]},"15":{"type":"branch","line":81,"loc":{"start":{"line":81,"column":57},"end":{"line":90,"column":5}},"locations":[{"start":{"line":81,"column":57},"end":{"line":90,"column":5}}]},"16":{"type":"branch","line":116,"loc":{"start":{"line":116,"column":12},"end":{"line":120,"column":5}},"locations":[{"start":{"line":116,"column":12},"end":{"line":120,"column":5}}]},"17":{"type":"branch","line":117,"loc":{"start":{"line":117,"column":24},"end":{"line":117,"column":31}},"locations":[{"start":{"line":117,"column":24},"end":{"line":117,"column":31}}]},"18":{"type":"branch","line":117,"loc":{"start":{"line":117,"column":24},"end":{"line":119,"column":22}},"locations":[{"start":{"line":117,"column":24},"end":{"line":119,"column":22}}]},"19":{"type":"branch","line":174,"loc":{"start":{"line":174,"column":24},"end":{"line":212,"column":13}},"locations":[{"start":{"line":174,"column":24},"end":{"line":212,"column":13}}]},"20":{"type":"branch","line":185,"loc":{"start":{"line":185,"column":23},"end":{"line":185,"column":46}},"locations":[{"start":{"line":185,"column":23},"end":{"line":185,"column":46}}]},"21":{"type":"branch","line":188,"loc":{"start":{"line":188,"column":23},"end":{"line":188,"column":53}},"locations":[{"start":{"line":188,"column":23},"end":{"line":188,"column":53}}]},"22":{"type":"branch","line":191,"loc":{"start":{"line":191,"column":30},"end":{"line":191,"column":51}},"locations":[{"start":{"line":191,"column":30},"end":{"line":191,"column":51}}]},"23":{"type":"branch","line":205,"loc":{"start":{"line":205,"column":29},"end":{"line":205,"column":64}},"locations":[{"start":{"line":205,"column":29},"end":{"line":205,"column":64}}]}},"b":{"0":[7],"1":[1],"2":[6],"3":[1],"4":[1],"5":[6],"6":[0],"7":[1],"8":[1],"9":[1],"10":[2],"11":[2],"12":[1],"13":[0],"14":[1],"15":[0],"16":[4],"17":[3],"18":[1],"19":[12],"20":[0],"21":[0],"22":[0],"23":[1]},"fnMap":{"0":{"name":"Clases","decl":{"start":{"line":6,"column":0},"end":{"line":226,"column":1}},"loc":{"start":{"line":6,"column":0},"end":{"line":226,"column":1}},"line":6},"1":{"name":"handleLogout","decl":{"start":{"line":22,"column":23},"end":{"line":25,"column":4}},"loc":{"start":{"line":22,"column":23},"end":{"line":25,"column":4}},"line":22},"2":{"name":"handleSolicitarClase","decl":{"start":{"line":27,"column":31},"end":{"line":30,"column":4}},"loc":{"start":{"line":27,"column":31},"end":{"line":30,"column":4}},"line":27},"3":{"name":"handleConfirmarSolicitud","decl":{"start":{"line":32,"column":35},"end":{"line":50,"column":4}},"loc":{"start":{"line":32,"column":35},"end":{"line":50,"column":4}},"line":32},"4":{"name":"handleChange","decl":{"start":{"line":52,"column":23},"end":{"line":54,"column":4}},"loc":{"start":{"line":52,"column":23},"end":{"line":54,"column":4}},"line":52},"5":{"name":"fetchAllCourses","decl":{"start":{"line":56,"column":26},"end":{"line":67,"column":4}},"loc":{"start":{"line":56,"column":26},"end":{"line":67,"column":4}},"line":56},"6":{"name":"fetchTutor","decl":{"start":{"line":69,"column":21},"end":{"line":76,"column":4}},"loc":{"start":{"line":69,"column":21},"end":{"line":76,"column":4}},"line":69},"7":{"name":"fetchAllLessons","decl":{"start":{"line":78,"column":26},"end":{"line":91,"column":4}},"loc":{"start":{"line":78,"column":26},"end":{"line":91,"column":4}},"line":78},"8":{"name":"handleSearch","decl":{"start":{"line":93,"column":23},"end":{"line":114,"column":4}},"loc":{"start":{"line":93,"column":23},"end":{"line":114,"column":4}},"line":93},"9":{"name":"onClick","decl":{"start":{"line":128,"column":21},"end":{"line":128,"column":47}},"loc":{"start":{"line":128,"column":21},"end":{"line":128,"column":47}},"line":128},"10":{"name":"onClick","decl":{"start":{"line":205,"column":29},"end":{"line":205,"column":64}},"loc":{"start":{"line":205,"column":29},"end":{"line":205,"column":64}},"line":205},"11":{"name":"onClose","decl":{"start":{"line":220,"column":19},"end":{"line":220,"column":44}},"loc":{"start":{"line":220,"column":19},"end":{"line":220,"column":44}},"line":220}},"f":{"0":7,"1":0,"2":1,"3":0,"4":2,"5":1,"6":0,"7":1,"8":0,"9":0,"10":1,"11":0}}
,"/home/d0dzv/desarrollosoftware/IIC3141-3-HubUC-Frontend/src/pages/alumno/Reservacion.jsx": {"path":"/home/d0dzv/desarrollosoftware/IIC3141-3-HubUC-Frontend/src/pages/alumno/Reservacion.jsx","all":false,"statementMap":{"0":{"start":{"line":1,"column":0},"end":{"line":1,"column":26}},"2":{"start":{"line":3,"column":0},"end":{"line":3,"column":81}},"3":{"start":{"line":4,"column":0},"end":{"line":4,"column":27}},"5":{"start":{"line":6,"column":0},"end":{"line":6,"column":49}},"6":{"start":{"line":7,"column":0},"end":{"line":7,"column":69}},"8":{"start":{"line":9,"column":0},"end":{"line":9,"column":10}},"9":{"start":{"line":10,"column":0},"end":{"line":10,"column":96}},"10":{"start":{"line":11,"column":0},"end":{"line":11,"column":117}},"11":{"start":{"line":12,"column":0},"end":{"line":12,"column":83}},"13":{"start":{"line":14,"column":0},"end":{"line":14,"column":30}},"14":{"start":{"line":15,"column":0},"end":{"line":15,"column":63}},"15":{"start":{"line":16,"column":0},"end":{"line":16,"column":95}},"16":{"start":{"line":17,"column":0},"end":{"line":17,"column":14}},"18":{"start":{"line":19,"column":0},"end":{"line":19,"column":53}},"20":{"start":{"line":21,"column":0},"end":{"line":21,"column":12}},"22":{"start":{"line":23,"column":0},"end":{"line":23,"column":48}},"23":{"start":{"line":24,"column":0},"end":{"line":24,"column":17}},"24":{"start":{"line":25,"column":0},"end":{"line":25,"column":29}},"25":{"start":{"line":26,"column":0},"end":{"line":26,"column":95}},"26":{"start":{"line":27,"column":0},"end":{"line":27,"column":11}},"28":{"start":{"line":29,"column":0},"end":{"line":29,"column":19}},"29":{"start":{"line":30,"column":0},"end":{"line":30,"column":17}},"30":{"start":{"line":31,"column":0},"end":{"line":31,"column":47}},"31":{"start":{"line":32,"column":0},"end":{"line":32,"column":104}},"32":{"start":{"line":33,"column":0},"end":{"line":33,"column":11}},"34":{"start":{"line":35,"column":0},"end":{"line":35,"column":19}},"35":{"start":{"line":36,"column":0},"end":{"line":36,"column":14}},"36":{"start":{"line":37,"column":0},"end":{"line":37,"column":12}},"37":{"start":{"line":38,"column":0},"end":{"line":38,"column":10}},"39":{"start":{"line":40,"column":0},"end":{"line":40,"column":1}}},"s":{"0":1,"2":1,"3":1,"5":1,"6":1,"8":1,"9":1,"10":1,"11":1,"13":1,"14":1,"15":1,"16":1,"18":1,"20":1,"22":1,"23":1,"24":1,"25":1,"26":1,"28":1,"29":1,"30":1,"31":1,"32":1,"34":1,"35":1,"36":1,"37":1,"39":1},"branchMap":{"0":{"type":"branch","line":3,"loc":{"start":{"line":3,"column":0},"end":{"line":40,"column":1}},"locations":[{"start":{"line":3,"column":0},"end":{"line":40,"column":1}}]},"1":{"type":"branch","line":4,"loc":{"start":{"line":4,"column":15},"end":{"line":4,"column":27}},"locations":[{"start":{"line":4,"column":15},"end":{"line":4,"column":27}}]},"2":{"type":"branch","line":7,"loc":{"start":{"line":7,"column":21},"end":{"line":7,"column":37}},"locations":[{"start":{"line":7,"column":21},"end":{"line":7,"column":37}}]},"3":{"type":"branch","line":16,"loc":{"start":{"line":16,"column":58},"end":{"line":16,"column":91}},"locations":[{"start":{"line":16,"column":58},"end":{"line":16,"column":91}}]}},"b":{"0":[1],"1":[0],"2":[0],"3":[0]},"fnMap":{"0":{"name":"Reservacion","decl":{"start":{"line":3,"column":0},"end":{"line":40,"column":1}},"loc":{"start":{"line":3,"column":0},"end":{"line":40,"column":1}},"line":3},"1":{"name":"onClick","decl":{"start":{"line":31,"column":21},"end":{"line":31,"column":47}},"loc":{"start":{"line":31,"column":21},"end":{"line":31,"column":47}},"line":31}},"f":{"0":1,"1":0}}
[...]
ne":66,"column":70}},"66":{"start":{"line":67,"column":0},"end":{"line":67,"column":40}},"68":{"start":{"line":69,"column":0},"end":{"line":69,"column":19}},"69":{"start":{"line":70,"column":0},"end":{"line":70,"column":33}},"70":{"start":{"line":71,"column":0},"end":{"line":71,"column":105}},"71":{"start":{"line":72,"column":0},"end":{"line":72,"column":15}},"73":{"start":{"line":74,"column":0},"end":{"line":74,"column":21}},"74":{"start":{"line":75,"column":0},"end":{"line":75,"column":19}},"75":{"start":{"line":76,"column":0},"end":{"line":76,"column":30}},"76":{"start":{"line":77,"column":0},"end":{"line":77,"column":105}},"77":{"start":{"line":78,"column":0},"end":{"line":78,"column":15}},"79":{"start":{"line":80,"column":0},"end":{"line":80,"column":21}},"80":{"start":{"line":81,"column":0},"end":{"line":81,"column":18}},"81":{"start":{"line":82,"column":0},"end":{"line":82,"column":16}},"83":{"start":{"line":84,"column":0},"end":{"line":84,"column":83}},"84":{"start":{"line":85,"column":0},"end":{"line":85,"column":73}},"85":{"start":{"line":86,"column":0},"end":{"line":86,"column":63}},"86":{"start":{"line":87,"column":0},"end":{"line":87,"column":16}},"88":{"start":{"line":89,"column":0},"end":{"line":89,"column":83}},"89":{"start":{"line":90,"column":0},"end":{"line":90,"column":73}},"90":{"start":{"line":91,"column":0},"end":{"line":91,"column":65}},"91":{"start":{"line":92,"column":0},"end":{"line":92,"column":16}},"93":{"start":{"line":94,"column":0},"end":{"line":94,"column":83}},"94":{"start":{"line":95,"column":0},"end":{"line":95,"column":55}},"96":{"start":{"line":97,"column":0},"end":{"line":97,"column":17}},"97":{"start":{"line":98,"column":0},"end":{"line":98,"column":64}},"98":{"start":{"line":99,"column":0},"end":{"line":99,"column":24}},"99":{"start":{"line":100,"column":0},"end":{"line":100,"column":78}},"100":{"start":{"line":101,"column":0},"end":{"line":101,"column":44}},"101":{"start":{"line":102,"column":0},"end":{"line":102,"column":78}},"103":{"start":{"line":104,"column":0},"end":{"line":104,"column":19}},"104":{"start":{"line":105,"column":0},"end":{"line":105,"column":33}},"105":{"start":{"line":106,"column":0},"end":{"line":106,"column":105}},"106":{"start":{"line":107,"column":0},"end":{"line":107,"column":15}},"108":{"start":{"line":109,"column":0},"end":{"line":109,"column":21}},"110":{"start":{"line":111,"column":0},"end":{"line":111,"column":16}},"111":{"start":{"line":112,"column":0},"end":{"line":112,"column":14}},"112":{"start":{"line":113,"column":0},"end":{"line":113,"column":12}},"113":{"start":{"line":114,"column":0},"end":{"line":114,"column":10}},"115":{"start":{"line":116,"column":0},"end":{"line":116,"column":1}}},"s":{"0":1,"5":6,"6":6,"7":6,"8":6,"11":6,"12":6,"13":6,"14":6,"16":6,"17":4,"18":4,"19":4,"20":4,"21":4,"22":4,"23":4,"24":4,"25":4,"26":4,"27":0,"28":4,"29":4,"30":4,"31":4,"33":4,"34":6,"36":6,"37":6,"38":6,"39":6,"40":6,"41":6,"42":6,"43":6,"44":6,"46":6,"47":6,"48":6,"49":6,"50":6,"52":6,"53":6,"54":6,"56":6,"57":6,"58":6,"59":6,"60":6,"61":6,"63":6,"64":6,"65":6,"66":6,"68":6,"69":6,"70":6,"71":6,"73":6,"74":6,"75":6,"76":6,"77":6,"79":6,"80":6,"81":6,"83":6,"84":6,"85":6,"86":6,"88":6,"89":6,"90":6,"91":6,"93":6,"94":6,"96":6,"97":6,"98":6,"99":4,"100":2,"101":1,"103":1,"104":1,"105":1,"106":1,"108":1,"110":6,"111":6,"112":6,"113":6,"115":6},"branchMap":{"0":{"type":"branch","line":6,"loc":{"start":{"line":6,"column":0},"end":{"line":116,"column":1}},"locations":[{"start":{"line":6,"column":0},"end":{"line":116,"column":1}}]},"1":{"type":"branch","line":99,"loc":{"start":{"line":99,"column":13},"end":{"line":100,"column":78}},"locations":[{"start":{"line":99,"column":13},"end":{"line":100,"column":78}}]},"2":{"type":"branch","line":100,"loc":{"start":{"line":100,"column":74},"end":{"line":109,"column":21}},"locations":[{"start":{"line":100,"column":74},"end":{"line":109,"column":21}}]},"3":{"type":"branch","line":101,"loc":{"start":{"line":101,"column":39},"end":{"line":102,"column":78}},"locations":[{"start":{"line":101,"column":39},"end":{"line":102,"column":78}}]},"4":{"type":"branch","line":102,"loc":{"start":{"line":102,"column":74},"end":{"line":109,"column":21}},"locations":[{"start":{"line":102,"column":74},"end":{"line":109,"column":21}}]},"5":{"type":"branch","line":17,"loc":{"start":{"line":17,"column":12},"end":{"line":35,"column":5}},"locations":[{"start":{"line":17,"column":12},"end":{"line":35,"column":5}}]},"6":{"type":"branch","line":18,"loc":{"start":{"line":18,"column":29},"end":{"line":32,"column":6}},"locations":[{"start":{"line":18,"column":29},"end":{"line":32,"column":6}}]},"7":{"type":"branch","line":27,"loc":{"start":{"line":27,"column":6},"end":{"line":29,"column":8}},"locations":[{"start":{"line":27,"column":6},"end":{"line":29,"column":8}}]}},"b":{"0":[6],"1":[4],"2":[2],"3":[1],"4":[1],"5":[4],"6":[4],"7":[0]},"fnMap":{"0":{"name":"TutorDashboard","decl":{"start":{"line":6,"column":0},"end":{"line":116,"column":1}},"loc":{"start":{"line":6,"column":0},"end":{"line":116,"column":1}},"line":6},"1":{"name":"fetchSolicitudes","decl":{"start":{"line":18,"column":29},"end":{"line":32,"column":6}},"loc":{"start":{"line":18,"column":29},"end":{"line":32,"column":6}},"line":18},"2":{"name":"onClick","decl":{"start":{"line":49,"column":21},"end":{"line":49,"column":49}},"loc":{"start":{"line":49,"column":21},"end":{"line":49,"column":49}},"line":49}},"f":{"0":6,"1":4,"2":0}}
,"/home/d0dzv/desarrollosoftware/IIC3141-3-HubUC-Frontend/src/pages/tutor/TutorLogin.jsx": {"path":"/home/d0dzv/desarrollosoftware/IIC3141-3-HubUC-Frontend/src/pages/tutor/TutorLogin.jsx","all":false,"statementMap":{"0":{"start":{"line":1,"column":0},"end":{"line":1,"column":40}},"5":{"start":{"line":6,"column":0},"end":{"line":6,"column":38}},"6":{"start":{"line":7,"column":0},"end":{"line":7,"column":33}},"7":{"start":{"line":8,"column":0},"end":{"line":8,"column":47}},"8":{"start":{"line":9,"column":0},"end":{"line":9,"column":36}},"9":{"start":{"line":10,"column":0},"end":{"line":10,"column":13}},"10":{"start":{"line":11,"column":0},"end":{"line":11,"column":14}},"11":{"start":{"line":12,"column":0},"end":{"line":12,"column":17}},"12":{"start":{"line":13,"column":0},"end":{"line":13,"column":18}},"13":{"start":{"line":14,"column":0},"end":{"line":14,"column":5}},"14":{"start":{"line":15,"column":0},"end":{"line":15,"column":47}},"16":{"start":{"line":17,"column":0},"end":{"line":17,"column":30}},"17":{"start":{"line":18,"column":0},"end":{"line":18,"column":25}},"18":{"start":{"line":19,"column":0},"end":{"line":19,"column":35}},"19":{"start":{"line":20,"column":0},"end":{"line":20,"column":21}},"20":{"start":{"line":21,"column":0},"end":{"line":21,"column":4}},"22":{"start":{"line":23,"column":0},"end":{"line":23,"column":31}},"23":{"start":{"line":24,"column":0},"end":{"line":24,"column":58}},"24":{"start":{"line":25,"column":0},"end":{"line":25,"column":4}},"26":{"start":{"line":27,"column":0},"end":{"line":27,"column":37}},"27":{"start":{"line":28,"column":0},"end":{"line":28,"column":23}},"28":{"start":{"line":29,"column":0},"end":{"line":29,"column":21}},"29":{"start":{"line":30,"column":0},"end":{"line":30,"column":9}},"30":{"start":{"line":31,"column":0},"end":{"line":31,"column":56}},"31":{"start":{"line":32,"column":0},"end":{"line":32,"column":29}},"32":{"start":{"line":33,"column":0},"end":{"line":33,"column":56}},"33":{"start":{"line":34,"column":0},"end":{"line":34,"column":15}},"35":{"start":{"line":36,"column":0},"end":{"line":36,"column":52}},"36":{"start":{"line":37,"column":0},"end":{"line":37,"column":42}},"38":{"start":{"line":39,"column":0},"end":{"line":39,"column":18}},"39":{"start":{"line":40,"column":0},"end":{"line":40,"column":45}},"40":{"start":{"line":41,"column":0},"end":{"line":41,"column":68}},"42":{"start":{"line":43,"column":0},"end":{"line":43,"column":7}},"44":{"start":{"line":45,"column":0},"end":{"line":45,"column":66}},"45":{"start":{"line":46,"column":0},"end":{"line":46,"column":20}},"46":{"start":{"line":47,"column":0},"end":{"line":47,"column":37}},"47":{"start":{"line":48,"column":0},"end":{"line":48,"column":7}},"48":{"start":{"line":49,"column":0},"end":{"line":49,"column":19}},"49":{"start":{"line":50,"column":0},"end":{"line":50,"column":70}},"50":{"start":{"line":51,"column":0},"end":{"line":51,"column":17}},"51":{"start":{"line":52,"column":0},"end":{"line":52,"column":75}},"52":{"start":{"line":53,"column":0},"end":{"line":53,"column":8}},"53":{"start":{"line":54,"column":0},"end":{"line":54,"column":5}},"54":{"start":{"line":55,"column":0},"end":{"line":55,"column":4}},"56":{"start":{"line":57,"column":0},"end":{"line":57,"column":10}},"57":{"start":{"line":58,"column":0},"end":{"line":58,"column":112}},"58":{"start":{"line":59,"column":0},"end":{"line":59,"column":11}},"59":{"start":{"line":60,"column":0},"end":{"line":60,"column":31}},"60":{"start":{"line":61,"column":0},"end":{"line":61,"column":85}},"62":{"start":{"line":63,"column":0},"end":{"line":63,"column":63}},"63":{"start":{"line":64,"column":0},"end":{"line":64,"column":56}},"64":{"start":{"line":65,"column":0},"end":{"line":65,"column":13}},"66":{"start":{"line":67,"column":0},"end":{"line":67,"column":22}},"67":{"start":{"line":68,"column":0},"end":{"line":68,"column":16}},"68":{"start":{"line":69,"column":0},"end":{"line":69,"column":23}},"69":{"start":{"line":70,"column":0},"end":{"line":70,"column":23}},"70":{"start":{"line":71,"column":0},"end":{"line":71,"column":32}},"71":{"start":{"line":72,"column":0},"end":{"line":72,"column":29}},"72":{"start":{"line":73,"column":0},"end":{"line":73,"column":35}},"73":{"start":{"line":74,"column":0},"end":{"line":74,"column":87}},"74":{"start":{"line":75,"column":0},"end":{"line":75,"column":20}},"75":{"start":{"line":76,"column":0},"end":{"line":76,"column":12}},"78":{"start":{"line":79,"column":0},"end":{"line":79,"column":14}},"79":{"start":{"line":80,"column":0},"end":{"line":80,"column":22}},"80":{"start":{"line":81,"column":0},"end":{"line":81,"column":22}},"81":{"start":{"line":82,"column":0},"end":{"line":82,"column":30}},"82":{"start":{"line":83,"column":0},"end":{"line":83,"column":28}},"83":{"start":{"line":84,"column":0},"end":{"line":84,"column":33}},"84":{"start":{"line":85,"column":0},"end":{"line":85,"column":85}},"85":{"start":{"line":86,"column":0},"end":{"line":86,"column":18}},"86":{"start":{"line":87,"column":0},"end":{"line":87,"column":10}},"88":{"start":{"line":89,"column":0},"end":{"line":89,"column":14}},"89":{"start":{"line":90,"column":0},"end":{"line":90,"column":25}},"90":{"start":{"line":91,"column":0},"end":{"line":91,"column":25}},"91":{"start":{"line":92,"column":0},"end":{"line":92,"column":34}},"92":{"start":{"line":93,"column":0},"end":{"line":93,"column":31}},"93":{"start":{"line":94,"column":0},"end":{"line":94,"column":33}},"94":{"start":{"line":95,"column":0},"end":{"line":95,"column":85}},"95":{"start":{"line":96,"column":0},"end":{"line":96,"column":18}},"96":{"start":{"line":97,"column":0},"end":{"line":97,"column":10}},"98":{"start":{"line":99,"column":0},"end":{"line":99,"column":71}},"100":{"start":{"line":101,"column":0},"end":{"line":101,"column":15}},"101":{"start":{"line":102,"column":0},"end":{"line":102,"column":23}},"102":{"start":{"line":103,"column":0},"end":{"line":103,"column":93}},"104":{"start":{"line":105,"column":0},"end":{"line":105,"column":48}},"105":{"start":{"line":106,"column":0},"end":{"line":106,"column":17}},"107":{"start":{"line":108,"column":0},"end":{"line":108,"column":74}},"109":{"start":{"line":110,"column":0},"end":{"line":110,"column":15}},"110":{"start":{"line":111,"column":0},"end":{"line":111,"column":23}},"111":{"start":{"line":112,"column":0},"end":{"line":112,"column":32}},"112":{"start":{"line":113,"column":0},"end":{"line":113,"column":61}},"114":{"start":{"line":115,"column":0},"end":{"line":115,"column":18}},"115":{"start":{"line":116,"column":0},"end":{"line":116,"column":50}},"116":{"start":{"line":117,"column":0},"end":{"line":117,"column":49}},"117":{"start":{"line":118,"column":0},"end":{"line":118,"column":17}},"119":{"start":{"line":120,"column":0},"end":{"line":120,"column":13}},"120":{"start":{"line":121,"column":0},"end":{"line":121,"column":16}},"121":{"start":{"line":122,"column":0},"end":{"line":122,"column":80}},"122":{"start":{"line":123,"column":0},"end":{"line":123,"column":9}},"124":{"start":{"line":125,"column":0},"end":{"line":125,"column":15}},"125":{"start":{"line":126,"column":0},"end":{"line":126,"column":13}},"126":{"start":{"line":127,"column":0},"end":{"line":127,"column":10}},"128":{"start":{"line":129,"column":0},"end":{"line":129,"column":1}}},"s":{"0":1,"5":9,"6":9,"7":9,"8":9,"9":9,"10":9,"11":9,"12":9,"13":9,"14":9,"16":9,"17":2,"18":2,"19":2,"20":2,"22":9,"23":2,"24":2,"26":9,"27":1,"28":1,"29":1,"30":1,"31":1,"32":1,"33":0,"35":1,"36":1,"38":1,"39":0,"40":0,"42":0,"44":1,"45":1,"46":1,"47":1,"48":1,"49":0,"50":0,"51":0,"52":0,"53":0,"54":1,"56":9,"57":9,"58":9,"59":9,"60":9,"62":9,"63":9,"64":9,"66":9,"67":1,"68":1,"69":1,"70":1,"71":1,"72":1,"73":1,"74":1,"75":1,"78":9,"79":9,"80":9,"81":9,"82":9,"83":9,"84":9,"85":9,"86":9,"88":9,"89":9,"90":9,"91":9,"92":9,"93":9,"94":9,"95":9,"96":9,"98":9,"100":9,"101":9,"102":9,"104":9,"105":9,"107":9,"109":9,"110":9,"111":9,"112":9,"114":9,"115":8,"116":1,"117":9,"119":9,"120":9,"121":9,"122":9,"124":9,"125":9,"126":9,"128":9},"branchMap":{"0":{"type":"branch","line":6,"loc":{"start":{"line":6,"column":0},"end":{"line":129,"column":1}},"locations":[{"start":{"line":6,"column":0},"end":{"line":129,"column":1}}]},"1":{"type":"branch","line":64,"loc":{"start":{"line":64,"column":11},"end":{"line":64,"column":39}},"locations":[{"start":{"line":64,"column":11},"end":{"line":64,"column":39}}]},"2":{"type":"branch","line":64,"loc":{"start":{"line":64,"column":21},"end":{"line":64,"column":56}},"locations":[{"start":{"line":64,"column":21},"end":{"line":64,"column":56}}]},"3":{"type":"branch","line":67,"loc":{"start":{"line":67,"column":10},"end":{"line":76,"column":12}},"locations":[{"start":{"line":67,"column":10},"end":{"line":76,"column":12}}]},"4":{"type":"branch","line":99,"loc":{"start":{"line":99,"column":10},"end":{"line":99,"column":71}},"locations":[{"start":{"line":99,"column":10},"end":{"line":99,"column":71}}]},"5":{"type":"branch","line":105,"loc":{"start":{"line":105,"column":11},"end":{"line":105,"column":34}},"locations":[{"start":{"line":105,"column":11},"end":{"line":105,"column":34}}]},"6":{"type":"branch","line":105,"loc":{"start":{"line":105,"column":21},"end":{"line":105,"column":48}},"locations":[{"start":{"line":105,"column":21},"end":{"line":105,"column":48}}]},"7":{"type":"branch","line":108,"loc":{"start":{"line":108,"column":9},"end":{"line":108,"column":74}},"locations":[{"start":{"line":108,"column":9},"end":{"line":108,"column":74}}]},"8":{"type":"branch","line":115,"loc":{"start":{"line":115,"column":11},"end":{"line":116,"column":50}},"locations":[{"start":{"line":115,"column":11},"end":{"line":116,"column":50}}]},"9":{"type":"branch","line":116,"loc":{"start":{"line":116,"column":14},"end":{"line":117,"column":49}},"locations":[{"start":{"line":116,"column":14},"end":{"line":117,"column":49}}]},"10":{"type":"branch","line":17,"loc":{"start":{"line":17,"column":23},"end":{"line":21,"column":4}},"locations":[{"start":{"line":17,"column":23},"end":{"line":21,"column":4}}]},"11":{"type":"branch","line":23,"loc":{"start":{"line":23,"column":23},"end":{"line":25,"column":4}},"locations":[{"start":{"line":23,"column":23},"end":{"line":25,"column":4}}]},"12":{"type":"branch","line":27,"loc":{"start":{"line":27,"column":23},"end":{"line":55,"column":4}},"locations":[{"start":{"line":27,"column":23},"end":{"line":55,"column":4}}]},"13":{"type":"branch","line":31,"loc":{"start":{"line":31,"column":33},"end":{"line":31,"column":56}},"locations":[{"start":{"line":31,"column":33},"end":{"line":31,"column":56}}]},"14":{"type":"branch","line":33,"loc":{"start":{"line":33,"column":55},"end":{"line":34,"column":15}},"locations":[{"start":{"line":33,"column":55},"end":{"line":34,"column":15}}]},"15":{"type":"branch","line":39,"loc":{"start":{"line":39,"column":17},"end":{"line":43,"column":7}},"locations":[{"start":{"line":39,"column":17},"end":{"line":43,"column":7}}]},"16":{"type":"branch","line":45,"loc":{"start":{"line":45,"column":32},"end":{"line":45,"column":54}},"locations":[{"start":{"line":45,"column":32},"end":{"line":45,"column":54}}]},"17":{"type":"branch","line":49,"loc":{"start":{"line":49,"column":4},"end":{"line":54,"column":5}},"locations":[{"start":{"line":49,"column":4},"end":{"line":54,"column":5}}]}},"b":{"0":[9],"1":[8],"2":[1],"3":[1],"4":[1],"5":[8],"6":[1],"7":[1],"8":[8],"9":[1],"10":[2],"11":[2],"12":[1],"13":[0],"14":[0],"15":[0],"16":[0],"17":[0]},"fnMap":{"0":{"name":"TutorLogin","decl":{"start":{"line":6,"column":0},"end":{"line":129,"column":1}},"loc":{"start":{"line":6,"column":0},"end":{"line":129,"column":1}},"line":6},"1":{"name":"handleToggle","decl":{"start":{"line":17,"column":23},"end":{"line":21,"column":4}},"loc":{"start":{"line":17,"column":23},"end":{"line":21,"column":4}},"line":17},"2":{"name":"handleChange","decl":{"start":{"line":23,"column":23},"end":{"line":25,"column":4}},"loc":{"start":{"line":23,"column":23},"end":{"line":25,"column":4}},"line":23},"3":{"name":"handleSubmit","decl":{"start":{"line":27,"column":23},"end":{"line":55,"column":4}},"loc":{"start":{"line":27,"column":23},"end":{"line":55,"column":4}},"line":27}},"f":{"0":9,"1":2,"2":2,"3":1}}
,"/home/d0dzv/desarrollosoftware/IIC3141-3-HubUC-Frontend/src/services/api.js": {"path":"/home/d0dzv/desarrollosoftware/IIC3141-3-HubUC-Frontend/src/services/api.js","all":false,"statementMap":{"0":{"start":{"line":1,"column":0},"end":{"line":1,"column":49}},"1":{"start":{"line":2,"column":0},"end":{"line":2,"column":0}},"2":{"start":{"line":3,"column":0},"end":{"line":3,"column":26}},"3":{"start":{"line":4,"column":0},"end":{"line":4,"column":35}},"4":{"start":{"line":5,"column":0},"end":{"line":5,"column":3}},"5":{"start":{"line":6,"column":0},"end":{"line":6,"column":0}},"6":{"start":{"line":7,"column":0},"end":{"line":7,"column":42}},"7":{"start":{"line":8,"column":0},"end":{"line":8,"column":46}},"8":{"start":{"line":9,"column":0},"end":{"line":9,"column":14}},"9":{"start":{"line":10,"column":0},"end":{"line":10,"column":53}},"10":{"start":{"line":11,"column":0},"end":{"line":11,"column":3}},"11":{"start":{"line":12,"column":0},"end":{"line":12,"column":16}},"12":{"start":{"line":13,"column":0},"end":{"line":13,"column":3}},"13":{"start":{"line":14,"column":0},"end":{"line":14,"column":0}},"14":{"start":{"line":15,"column":0},"end":{"line":15,"column":0}},"15":{"start":{"line":16,"column":0},"end":{"line":16,"column":19}}},"s":{"0":1,"1":1,"2":1,"3":1,"4":1,"5":1,"6":1,"7":5,"8":5,"9":0,"10":0,"11":5,"12":1,"13":1,"14":1,"15":1},"branchMap":{"0":{"type":"branch","line":7,"loc":{"start":{"line":7,"column":29},"end":{"line":13,"column":2}},"locations":[{"start":{"line":7,"column":29},"end":{"line":13,"column":2}}]},"1":{"type":"branch","line":9,"loc":{"start":{"line":9,"column":13},"end":{"line":11,"column":3}},"locations":[{"start":{"line":9,"column":13},"end":{"line":11,"column":3}}]}},"b":{"0":[5],"1":[0]},"fnMap":{},"f":{}}
,"/home/d0dzv/desarrollosoftware/IIC3141-3-HubUC-Frontend/src/services/auth.js": {"path":"/home/d0dzv/desarrollosoftware/IIC3141-3-HubUC-Frontend/src/services/auth.js","all":true,"statementMap":{},"s":{},"branchMap":{"0":{"type":"branch","line":1,"loc":{"start":{"line":1,"column":0},"end":{"line":1,"column":0}},"locations":[{"start":{"line":1,"column":0},"end":{"line":1,"column":0}}]}},"b":{"0":[1]},"fnMap":{"0":{"name":"(empty-report)","decl":{"start":{"line":1,"column":0},"end":{"line":1,"column":0}},"loc":{"start":{"line":1,"column":0},"end":{"line":1,"column":0}},"line":1}},"f":{"0":1}}
}
